  [1m[35m (1.0ms)[0m  [1m[35mCREATE TABLE "schema_migrations" ("version" varchar PRIMARY KEY) [0m
  [1m[35m (0.8ms)[0m  [1m[35mCREATE TABLE "ar_internal_metadata" ("key" varchar PRIMARY KEY, "value" varchar, "created_at" datetime NOT NULL, "updated_at" datetime NOT NULL) [0m
  [1m[36mActiveRecord::SchemaMigration Load (0.1ms)[0m  [1m[34mSELECT "schema_migrations".* FROM "schema_migrations"[0m
Migrating to CreateUsers (1)
  [1m[35m (0.1ms)[0m  [1m[36mbegin transaction[0m
  [1m[35m (0.4ms)[0m  [1m[35mCREATE TABLE "users" ("id" INTEGER PRIMARY KEY AUTOINCREMENT NOT NULL, "username" varchar, "created_at" datetime NOT NULL, "updated_at" datetime NOT NULL) [0m
  [1m[35mSQL (0.2ms)[0m  [1m[32mINSERT INTO "schema_migrations" ("version") VALUES (?)[0m  [["version", "1"]]
  [1m[35m (0.7ms)[0m  [1m[36mcommit transaction[0m
Migrating to CreateChatrooms (2)
  [1m[35m (0.0ms)[0m  [1m[36mbegin transaction[0m
  [1m[35m (0.3ms)[0m  [1m[35mCREATE TABLE "chatrooms" ("id" INTEGER PRIMARY KEY AUTOINCREMENT NOT NULL, "topic" varchar, "created_at" datetime NOT NULL, "updated_at" datetime NOT NULL) [0m
  [1m[35mSQL (0.1ms)[0m  [1m[32mINSERT INTO "schema_migrations" ("version") VALUES (?)[0m  [["version", "2"]]
  [1m[35m (0.7ms)[0m  [1m[36mcommit transaction[0m
Migrating to CreateMessages (3)
  [1m[35m (0.1ms)[0m  [1m[36mbegin transaction[0m
  [1m[35m (0.3ms)[0m  [1m[35mCREATE TABLE "messages" ("id" INTEGER PRIMARY KEY AUTOINCREMENT NOT NULL, "content" varchar, "user_id" integer, "chatroom_id" integer, "created_at" datetime NOT NULL, "updated_at" datetime NOT NULL) [0m
  [1m[35m (0.1ms)[0m  [1m[34mselect sqlite_version(*)[0m
  [1m[35m (0.1ms)[0m  [1m[35mCREATE  INDEX "index_messages_on_user_id" ON "messages" ("user_id")[0m
  [1m[35m (0.0ms)[0m  [1m[34m            SELECT sql
            FROM sqlite_master
            WHERE name='index_messages_on_user_id' AND type='index'
            UNION ALL
            SELECT sql
            FROM sqlite_temp_master
            WHERE name='index_messages_on_user_id' AND type='index'
[0m
  [1m[35m (0.1ms)[0m  [1m[35mCREATE  INDEX "index_messages_on_chatroom_id" ON "messages" ("chatroom_id")[0m
  [1m[35mSQL (0.1ms)[0m  [1m[32mINSERT INTO "schema_migrations" ("version") VALUES (?)[0m  [["version", "3"]]
  [1m[35m (0.7ms)[0m  [1m[36mcommit transaction[0m
Migrating to AddSlugToChatrooms (4)
  [1m[35m (0.0ms)[0m  [1m[36mbegin transaction[0m
  [1m[35m (0.3ms)[0m  [1m[35mALTER TABLE "chatrooms" ADD "slug" varchar[0m
  [1m[35mSQL (0.1ms)[0m  [1m[32mINSERT INTO "schema_migrations" ("version") VALUES (?)[0m  [["version", "4"]]
  [1m[35m (0.6ms)[0m  [1m[36mcommit transaction[0m
  [1m[36mActiveRecord::InternalMetadata Load (0.1ms)[0m  [1m[34mSELECT  "ar_internal_metadata".* FROM "ar_internal_metadata" ORDER BY "ar_internal_metadata"."key" ASC LIMIT ?[0m  [["LIMIT", 1]]
  [1m[35m (0.1ms)[0m  [1m[36mbegin transaction[0m
  [1m[35mSQL (1.0ms)[0m  [1m[32mINSERT INTO "ar_internal_metadata" ("key", "value", "created_at", "updated_at") VALUES (?, ?, ?, ?)[0m  [["key", "environment"], ["value", "development"], ["created_at", 2017-02-28 05:17:59 UTC], ["updated_at", 2017-02-28 05:17:59 UTC]]
  [1m[35m (0.6ms)[0m  [1m[36mcommit transaction[0m
  [1m[36mActiveRecord::SchemaMigration Load (0.1ms)[0m  [1m[34mSELECT "schema_migrations".* FROM "schema_migrations"[0m
  [1m[35m (0.1ms)[0m  [1m[34m            SELECT sql
            FROM sqlite_master
            WHERE name='index_messages_on_chatroom_id' AND type='index'
            UNION ALL
            SELECT sql
            FROM sqlite_temp_master
            WHERE name='index_messages_on_chatroom_id' AND type='index'
[0m
  [1m[35m (0.1ms)[0m  [1m[34m            SELECT sql
            FROM sqlite_master
            WHERE name='index_messages_on_user_id' AND type='index'
            UNION ALL
            SELECT sql
            FROM sqlite_temp_master
            WHERE name='index_messages_on_user_id' AND type='index'
[0m
Started GET "/" for 127.0.0.1 at 2017-02-28 00:18:15 -0500
  [1m[36mActiveRecord::SchemaMigration Load (0.5ms)[0m  [1m[34mSELECT "schema_migrations".* FROM "schema_migrations"[0m
Processing by WelcomeController#about as HTML
  [1m[36mUser Load (0.4ms)[0m  [1m[34mSELECT  "users".* FROM "users" WHERE "users"."id" = ? LIMIT ?[0m  [["id", 13], ["LIMIT", 1]]
  Rendered welcome/about.html.erb within layouts/application (12.3ms)
Completed 500 Internal Server Error in 38ms (ActiveRecord: 0.9ms)


  
ActiveRecord::RecordNotFound (Couldn't find User with 'id'=13):
  
app/controllers/application_controller.rb:9:in `current_user'
app/views/welcome/about.html.erb:4:in `_app_views_welcome_about_html_erb___1644374165008533971_70242353671560'
  Rendered /Users/melissawei/.rvm/gems/ruby-2.3.0/gems/actionpack-5.0.0.beta3/lib/action_dispatch/middleware/templates/rescues/_source.html.erb (4.3ms)
  Rendered /Users/melissawei/.rvm/gems/ruby-2.3.0/gems/actionpack-5.0.0.beta3/lib/action_dispatch/middleware/templates/rescues/_trace.html.erb (2.3ms)
  Rendered /Users/melissawei/.rvm/gems/ruby-2.3.0/gems/actionpack-5.0.0.beta3/lib/action_dispatch/middleware/templates/rescues/_request_and_response.html.erb (0.8ms)
  Rendered /Users/melissawei/.rvm/gems/ruby-2.3.0/gems/actionpack-5.0.0.beta3/lib/action_dispatch/middleware/templates/rescues/diagnostics.html.erb within rescues/layout (80.1ms)
  Rendered /Users/melissawei/.rvm/gems/ruby-2.3.0/gems/web-console-3.1.1/lib/web_console/templates/_markup.html.erb (0.4ms)
  Rendered /Users/melissawei/.rvm/gems/ruby-2.3.0/gems/web-console-3.1.1/lib/web_console/templates/_inner_console_markup.html.erb within layouts/inlined_string (0.4ms)
  Rendered /Users/melissawei/.rvm/gems/ruby-2.3.0/gems/web-console-3.1.1/lib/web_console/templates/_prompt_box_markup.html.erb within layouts/inlined_string (0.3ms)
  Rendered /Users/melissawei/.rvm/gems/ruby-2.3.0/gems/web-console-3.1.1/lib/web_console/templates/style.css.erb within layouts/inlined_string (0.4ms)
  Rendered /Users/melissawei/.rvm/gems/ruby-2.3.0/gems/web-console-3.1.1/lib/web_console/templates/console.js.erb within layouts/javascript (77.9ms)
  Rendered /Users/melissawei/.rvm/gems/ruby-2.3.0/gems/web-console-3.1.1/lib/web_console/templates/main.js.erb within layouts/javascript (0.2ms)
  Rendered /Users/melissawei/.rvm/gems/ruby-2.3.0/gems/web-console-3.1.1/lib/web_console/templates/index.html.erb (138.7ms)
Started GET "/cable" for 127.0.0.1 at 2017-02-28 00:18:25 -0500
Started GET "/cable/" [WebSocket] for 127.0.0.1 at 2017-02-28 00:18:25 -0500
Successfully upgraded to WebSocket (REQUEST_METHOD: GET, HTTP_CONNECTION: Upgrade, HTTP_UPGRADE: websocket)
Finished "/cable/" [WebSocket] for 127.0.0.1 at 2017-02-28 00:18:25 -0500
Started GET "/" for 127.0.0.1 at 2017-02-28 00:18:39 -0500
Processing by WelcomeController#about as HTML
  Rendered welcome/about.html.erb within layouts/application (0.5ms)
Started GET "/cable" for 127.0.0.1 at 2017-02-28 00:18:41 -0500
Started GET "/cable/" [WebSocket] for 127.0.0.1 at 2017-02-28 00:18:41 -0500
Successfully upgraded to WebSocket (REQUEST_METHOD: GET, HTTP_CONNECTION: Upgrade, HTTP_UPGRADE: websocket)
Finished "/cable/" [WebSocket] for 127.0.0.1 at 2017-02-28 00:18:41 -0500
  Rendered layouts/_navbar_links.html.erb (0.8ms)
  Rendered layouts/_navbar.html.erb (3.3ms)
Completed 200 OK in 3959ms (Views: 3955.8ms | ActiveRecord: 0.0ms)


Started GET "/assets/application.self-78c28d87d46d1f49004d474c87a0f83ecbf0c717119a6170e5019e246161c9cd.css?body=1" for 127.0.0.1 at 2017-02-28 00:18:43 -0500
Started GET "/assets/jquery.self-660adc51e0224b731d29f575a6f1ec167ba08ad06ed5deca4f1e8654c135bf4c.js?body=1" for 127.0.0.1 at 2017-02-28 00:18:43 -0500
Started GET "/assets/bootstrap/affix.self-3555752f8a930795ee9e56751a52e6871104ae85d01b3ab8363da3802a5ecc78.js?body=1" for 127.0.0.1 at 2017-02-28 00:18:43 -0500
Started GET "/assets/jquery_ujs.self-e87806d0cf4489aeb1bb7288016024e8de67fd18db693fe026fe3907581e53cd.js?body=1" for 127.0.0.1 at 2017-02-28 00:18:43 -0500
Started GET "/assets/turbolinks.self-979a09514ef27c84df025c07108a05438ba97cfec71073dcb800a4d327044e02.js?body=1" for 127.0.0.1 at 2017-02-28 00:18:43 -0500
Started GET "/assets/bootstrap/button.self-e74d33ba39500940a78d6fa4d2d64f6ca7fd86d60a2149641f7fde7ba711d8a1.js?body=1" for 127.0.0.1 at 2017-02-28 00:18:43 -0500
Started GET "/assets/bootstrap/carousel.self-35d204878d906298e55bc24553e11fd89b980fc4ffe5792fe36af8c0da289c54.js?body=1" for 127.0.0.1 at 2017-02-28 00:18:43 -0500
Started GET "/assets/bootstrap/collapse.self-056c40532d9f0f126ec17e839f60c942f573fbd61a086e7f156306e3fc5e8c1f.js?body=1" for 127.0.0.1 at 2017-02-28 00:18:43 -0500
Started GET "/assets/bootstrap/dropdown.self-e56c2ffee4618411d43ecf15c89273f6223847ad756e1cd17545d04afa732ed4.js?body=1" for 127.0.0.1 at 2017-02-28 00:18:43 -0500
Started GET "/assets/bootstrap/scrollspy.self-52afd90e8ba97d9f08617a13986e8869d6c4a45751c0bff59a6f91241e722aca.js?body=1" for 127.0.0.1 at 2017-02-28 00:18:43 -0500
Started GET "/assets/bootstrap/modal.self-62463080dba6b9d024ff0a3192da0e76eacbc683194f3395047c6f5cfa0acb59.js?body=1" for 127.0.0.1 at 2017-02-28 00:18:43 -0500
Started GET "/assets/bootstrap/tab.self-dad0d5c377f9fae26394484535ebb23ccf68afae084f896af6ea4cdf8c9f6ae0.js?body=1" for 127.0.0.1 at 2017-02-28 00:18:43 -0500
Started GET "/assets/bootstrap/transition.self-3b268d4cd8c79e46ded7392885f72f64ffb5b0d49948a12b8cf9779f6163e13a.js?body=1" for 127.0.0.1 at 2017-02-28 00:18:43 -0500
Started GET "/assets/bootstrap/tooltip.self-facdc69246a072acb927ded77ff655f7c27a518b9357fddd45d119fbc8a0ab9f.js?body=1" for 127.0.0.1 at 2017-02-28 00:18:43 -0500
Started GET "/assets/bootstrap/popover.self-210cff1fb4b72b71a29b5122180cb5937c8145cd13a934dc838280f1d9607a3e.js?body=1" for 127.0.0.1 at 2017-02-28 00:18:43 -0500
Started GET "/assets/action_cable.self-2231fa0726679abb8d086b191624b8ed235eb844eda2cc9471fa0b6cb4c56a09.js?body=1" for 127.0.0.1 at 2017-02-28 00:18:43 -0500
Started GET "/assets/bootstrap/alert.self-d8b7bd612b3dcfdefb7b5539b9d5848d66ccbd3e7af8bb8d48bfb3288aaa7be8.js?body=1" for 127.0.0.1 at 2017-02-28 00:18:43 -0500
Started GET "/cable" for 127.0.0.1 at 2017-02-28 00:18:43 -0500
Started GET "/cable/" [WebSocket] for 127.0.0.1 at 2017-02-28 00:18:43 -0500
Successfully upgraded to WebSocket (REQUEST_METHOD: GET, HTTP_CONNECTION: Upgrade, HTTP_UPGRADE: websocket)
MessagesChannel is transmitting the subscription confirmation
MessagesChannel is streaming from messages
Started GET "/assets/favicon-a4719dc1bd22f7aa97ab82501566399507f41fb4b79770c0480e3518f6109523.ico" for 127.0.0.1 at 2017-02-28 00:18:43 -0500
Started GET "/signup" for 127.0.0.1 at 2017-02-28 00:18:49 -0500
Processing by RegistrationsController#new as HTML
  Rendered layouts/_flash_errors.html.erb (0.8ms)
  Rendered registrations/new.html.erb within layouts/application (20.9ms)
  Rendered layouts/_navbar_links.html.erb (0.9ms)
  Rendered layouts/_navbar.html.erb (3.1ms)
Completed 200 OK in 143ms (Views: 131.6ms | ActiveRecord: 0.6ms)


Started POST "/signup" for 127.0.0.1 at 2017-02-28 00:18:53 -0500
Processing by RegistrationsController#create as HTML
  Parameters: {"utf8"=>"✓", "authenticity_token"=>"ZLQ62FSOE4w3t0IsL3Xcl+Wnuy4a4MnuLg5eXvINGxm9q71azV8muYe/LMThwWoSLBAiEgaOW+yW9CrywOE8Ag==", "user"=>{"username"=>"melissa"}, "commit"=>"sign up"}
  [1m[35m (0.6ms)[0m  [1m[36mbegin transaction[0m
  [1m[36mUser Exists (0.5ms)[0m  [1m[34mSELECT  1 AS one FROM "users" WHERE "users"."username" = ? LIMIT ?[0m  [["username", "melissa"], ["LIMIT", 1]]
  [1m[35mSQL (0.7ms)[0m  [1m[32mINSERT INTO "users" ("username", "created_at", "updated_at") VALUES (?, ?, ?)[0m  [["username", "melissa"], ["created_at", 2017-02-28 05:18:53 UTC], ["updated_at", 2017-02-28 05:18:53 UTC]]
  [1m[35m (0.7ms)[0m  [1m[36mcommit transaction[0m
Redirected to http://localhost:3000/chatrooms
Completed 302 Found in 29ms (ActiveRecord: 2.5ms)


Started GET "/chatrooms" for 127.0.0.1 at 2017-02-28 00:18:53 -0500
Processing by ChatroomsController#index as HTML
  [1m[36mUser Load (0.4ms)[0m  [1m[34mSELECT  "users".* FROM "users" WHERE "users"."id" = ? LIMIT ?[0m  [["id", 1], ["LIMIT", 1]]
  Rendered chatrooms/_chatroom_form.html.erb (3.0ms)
  [1m[35m (0.1ms)[0m  [1m[34mSELECT COUNT(*) FROM "chatrooms"[0m
  Rendered chatrooms/index.html.erb within layouts/application (7.1ms)
  Rendered layouts/_navbar_links.html.erb (1.0ms)
  Rendered layouts/_navbar.html.erb (3.1ms)
Completed 200 OK in 98ms (Views: 84.3ms | ActiveRecord: 1.1ms)


Finished "/cable/" [WebSocket] for 127.0.0.1 at 2017-02-28 00:18:53 -0500
MessagesChannel stopped streaming from messages
Started GET "/cable" for 127.0.0.1 at 2017-02-28 00:18:53 -0500
Started GET "/cable/" [WebSocket] for 127.0.0.1 at 2017-02-28 00:18:53 -0500
Successfully upgraded to WebSocket (REQUEST_METHOD: GET, HTTP_CONNECTION: Upgrade, HTTP_UPGRADE: websocket)
MessagesChannel is transmitting the subscription confirmation
MessagesChannel is streaming from messages
Started GET "/cable" for 127.0.0.1 at 2017-02-28 00:18:58 -0500
Started GET "/cable/" [WebSocket] for 127.0.0.1 at 2017-02-28 00:18:58 -0500
Successfully upgraded to WebSocket (REQUEST_METHOD: GET, HTTP_CONNECTION: Upgrade, HTTP_UPGRADE: websocket)
Finished "/cable/" [WebSocket] for 127.0.0.1 at 2017-02-28 00:18:58 -0500
Started POST "/chatrooms" for 127.0.0.1 at 2017-02-28 00:19:02 -0500
Processing by ChatroomsController#create as JS
  Parameters: {"utf8"=>"✓", "chatroom"=>{"topic"=>"testtopic"}, "commit"=>"Create chatroom"}
  [1m[36mUser Load (0.2ms)[0m  [1m[34mSELECT  "users".* FROM "users" WHERE "users"."id" = ? LIMIT ?[0m  [["id", 1], ["LIMIT", 1]]
  [1m[35m (0.1ms)[0m  [1m[36mbegin transaction[0m
  [1m[36mChatroom Exists (0.1ms)[0m  [1m[34mSELECT  1 AS one FROM "chatrooms" WHERE "chatrooms"."topic" = ? LIMIT ?[0m  [["topic", "testtopic"], ["LIMIT", 1]]
  [1m[35mSQL (0.3ms)[0m  [1m[32mINSERT INTO "chatrooms" ("topic", "created_at", "updated_at", "slug") VALUES (?, ?, ?, ?)[0m  [["topic", "testtopic"], ["created_at", 2017-02-28 05:19:02 UTC], ["updated_at", 2017-02-28 05:19:02 UTC], ["slug", "testtopic"]]
  [1m[35m (0.6ms)[0m  [1m[36mcommit transaction[0m
  Rendered chatrooms/create.js.erb (0.7ms)
Completed 200 OK in 15ms (Views: 8.0ms | ActiveRecord: 1.2ms)


Started GET "/chatrooms/testtopic" for 127.0.0.1 at 2017-02-28 00:19:03 -0500
Processing by ChatroomsController#show as HTML
  Parameters: {"slug"=>"testtopic"}
  [1m[36mUser Load (0.2ms)[0m  [1m[34mSELECT  "users".* FROM "users" WHERE "users"."id" = ? LIMIT ?[0m  [["id", 1], ["LIMIT", 1]]
  [1m[36mChatroom Load (0.2ms)[0m  [1m[34mSELECT  "chatrooms".* FROM "chatrooms" WHERE "chatrooms"."slug" = ? LIMIT ?[0m  [["slug", "testtopic"], ["LIMIT", 1]]
  [1m[36mMessage Exists (0.4ms)[0m  [1m[34mSELECT  1 AS one FROM "messages" WHERE "messages"."chatroom_id" = ? LIMIT ?[0m  [["chatroom_id", 1], ["LIMIT", 1]]
  Rendered messages/_message_form.html.erb (5.5ms)
  Rendered chatrooms/show.html.erb within layouts/application (26.6ms)
  Rendered layouts/_navbar_links.html.erb (1.1ms)
  Rendered layouts/_navbar.html.erb (3.3ms)
Completed 200 OK in 115ms (Views: 100.7ms | ActiveRecord: 1.6ms)


Started POST "/messages" for 127.0.0.1 at 2017-02-28 00:19:05 -0500
Processing by MessagesController#create as JS
  Parameters: {"utf8"=>"✓", "authenticity_token"=>"4xh0iQtARFI3raCspxsoD4DdFew2g4Dfk9bVv3oRzdbApIyNfeg9nTjcllvt1l8Jx3a+ly9SPZYvKdf0gIze1Q==", "message"=>{"content"=>"test", "chatroom_id"=>"1"}, "commit"=>"send"}
  [1m[36mUser Load (0.2ms)[0m  [1m[34mSELECT  "users".* FROM "users" WHERE "users"."id" = ? LIMIT ?[0m  [["id", 1], ["LIMIT", 1]]
  [1m[35m (0.1ms)[0m  [1m[36mbegin transaction[0m
  [1m[36mChatroom Load (0.1ms)[0m  [1m[34mSELECT  "chatrooms".* FROM "chatrooms" WHERE "chatrooms"."id" = ? LIMIT ?[0m  [["id", 1], ["LIMIT", 1]]
  [1m[35mSQL (0.9ms)[0m  [1m[32mINSERT INTO "messages" ("content", "user_id", "chatroom_id", "created_at", "updated_at") VALUES (?, ?, ?, ?, ?)[0m  [["content", "test"], ["user_id", 1], ["chatroom_id", 1], ["created_at", 2017-02-28 05:19:05 UTC], ["updated_at", 2017-02-28 05:19:05 UTC]]
  [1m[35m (0.8ms)[0m  [1m[36mcommit transaction[0m
[ActionCable] Broadcasting to messages: {:message=>"test", :user=>"melissa"}
Completed 200 OK in 15ms (ActiveRecord: 2.1ms)


MessagesChannel transmitting {"message"=>"test", "user"=>"melissa"} (via streamed from messages)
Started POST "/messages" for 127.0.0.1 at 2017-02-28 00:19:07 -0500
Processing by MessagesController#create as JS
  Parameters: {"utf8"=>"✓", "authenticity_token"=>"4xh0iQtARFI3raCspxsoD4DdFew2g4Dfk9bVv3oRzdbApIyNfeg9nTjcllvt1l8Jx3a+ly9SPZYvKdf0gIze1Q==", "message"=>{"content"=>" hello", "chatroom_id"=>"1"}, "commit"=>"send"}
  [1m[36mUser Load (0.2ms)[0m  [1m[34mSELECT  "users".* FROM "users" WHERE "users"."id" = ? LIMIT ?[0m  [["id", 1], ["LIMIT", 1]]
  [1m[35m (0.1ms)[0m  [1m[36mbegin transaction[0m
  [1m[36mChatroom Load (0.3ms)[0m  [1m[34mSELECT  "chatrooms".* FROM "chatrooms" WHERE "chatrooms"."id" = ? LIMIT ?[0m  [["id", 1], ["LIMIT", 1]]
  [1m[35mSQL (0.3ms)[0m  [1m[32mINSERT INTO "messages" ("content", "user_id", "chatroom_id", "created_at", "updated_at") VALUES (?, ?, ?, ?, ?)[0m  [["content", " hello"], ["user_id", 1], ["chatroom_id", 1], ["created_at", 2017-02-28 05:19:07 UTC], ["updated_at", 2017-02-28 05:19:07 UTC]]
  [1m[35m (0.8ms)[0m  [1m[36mcommit transaction[0m
[ActionCable] Broadcasting to messages: {:message=>" hello", :user=>"melissa"}
MessagesChannel transmitting {"message"=>" hello", "user"=>"melissa"} (via streamed from messages)
Completed 200 OK in 7ms (ActiveRecord: 1.7ms)


Started POST "/messages" for 127.0.0.1 at 2017-02-28 00:19:08 -0500
Processing by MessagesController#create as JS
  Parameters: {"utf8"=>"✓", "authenticity_token"=>"4xh0iQtARFI3raCspxsoD4DdFew2g4Dfk9bVv3oRzdbApIyNfeg9nTjcllvt1l8Jx3a+ly9SPZYvKdf0gIze1Q==", "message"=>{"content"=>" yes", "chatroom_id"=>"1"}, "commit"=>"send"}
  [1m[36mUser Load (0.4ms)[0m  [1m[34mSELECT  "users".* FROM "users" WHERE "users"."id" = ? LIMIT ?[0m  [["id", 1], ["LIMIT", 1]]
  [1m[35m (0.1ms)[0m  [1m[36mbegin transaction[0m
  [1m[36mChatroom Load (0.1ms)[0m  [1m[34mSELECT  "chatrooms".* FROM "chatrooms" WHERE "chatrooms"."id" = ? LIMIT ?[0m  [["id", 1], ["LIMIT", 1]]
  [1m[35mSQL (0.2ms)[0m  [1m[32mINSERT INTO "messages" ("content", "user_id", "chatroom_id", "created_at", "updated_at") VALUES (?, ?, ?, ?, ?)[0m  [["content", " yes"], ["user_id", 1], ["chatroom_id", 1], ["created_at", 2017-02-28 05:19:08 UTC], ["updated_at", 2017-02-28 05:19:08 UTC]]
  [1m[35m (1.8ms)[0m  [1m[36mcommit transaction[0m
[ActionCable] Broadcasting to messages: {:message=>" yes", :user=>"melissa"}
MessagesChannel transmitting {"message"=>" yes", "user"=>"melissa"} (via streamed from messages)
Completed 200 OK in 7ms (ActiveRecord: 2.6ms)


Started GET "/" for 127.0.0.1 at 2017-02-28 00:24:42 -0500
  [1m[36mActiveRecord::SchemaMigration Load (0.4ms)[0m  [1m[34mSELECT "schema_migrations".* FROM "schema_migrations"[0m
Processing by WelcomeController#about as HTML
  [1m[36mUser Load (0.1ms)[0m  [1m[34mSELECT  "users".* FROM "users" WHERE "users"."id" = ? LIMIT ?[0m  [["id", 1], ["LIMIT", 1]]
  Rendered welcome/about.html.erb within layouts/application (10.6ms)
Started GET "/cable" for 127.0.0.1 at 2017-02-28 00:24:44 -0500
Started GET "/cable/" [WebSocket] for 127.0.0.1 at 2017-02-28 00:24:44 -0500
Successfully upgraded to WebSocket (REQUEST_METHOD: GET, HTTP_CONNECTION: Upgrade, HTTP_UPGRADE: websocket)
Finished "/cable/" [WebSocket] for 127.0.0.1 at 2017-02-28 00:24:44 -0500
  Rendered layouts/_navbar_links.html.erb (0.8ms)
  Rendered layouts/_navbar.html.erb (3.3ms)
Completed 200 OK in 2308ms (Views: 2294.8ms | ActiveRecord: 0.6ms)


Started GET "/assets/application.self-4fd53e4bbef50407611081c87e838d38b7ad6360fb951ad79a5733815fae9e51.css?body=1" for 127.0.0.1 at 2017-02-28 00:24:44 -0500
Started GET "/assets/groups.self-ec69bbbf8b3636baa8311f15971f81cd4137c1d1697d54f91558606a230ebe51.js?body=1" for 127.0.0.1 at 2017-02-28 00:24:44 -0500
Started GET "/assets/channels/groups.self-e4713229ed841d924fbbf76987425a78e4a581fe1f8301b6d1cb3895802dd9b7.js?body=1" for 127.0.0.1 at 2017-02-28 00:24:44 -0500
Started GET "/assets/bootstrap/glyphicons-halflings-regular-fe185d11a49676890d47bb783312a0cda5a44c4039214094e7957b4c040ef11c.woff2" for 127.0.0.1 at 2017-02-28 00:24:44 -0500
Started GET "/cable" for 127.0.0.1 at 2017-02-28 00:24:47 -0500
Started GET "/cable/" [WebSocket] for 127.0.0.1 at 2017-02-28 00:24:47 -0500
Successfully upgraded to WebSocket (REQUEST_METHOD: GET, HTTP_CONNECTION: Upgrade, HTTP_UPGRADE: websocket)
MessagesChannel is transmitting the subscription confirmation
MessagesChannel is streaming from messages
Started GET "/groups" for 127.0.0.1 at 2017-02-28 00:24:48 -0500
Processing by GroupsController#index as HTML
  [1m[36mUser Load (0.7ms)[0m  [1m[34mSELECT  "users".* FROM "users" WHERE "users"."id" = ? LIMIT ?[0m  [["id", 1], ["LIMIT", 1]]
Completed 500 Internal Server Error in 4ms (ActiveRecord: 0.8ms)


  
ActiveRecord::StatementInvalid (Could not find table 'groups'):
  
app/controllers/groups_controller.rb:4:in `index'
  Rendered /Users/melissawei/.rvm/gems/ruby-2.3.0/gems/actionpack-5.0.0.beta3/lib/action_dispatch/middleware/templates/rescues/_source.html.erb (4.5ms)
  Rendered /Users/melissawei/.rvm/gems/ruby-2.3.0/gems/actionpack-5.0.0.beta3/lib/action_dispatch/middleware/templates/rescues/_trace.html.erb (2.0ms)
  Rendered /Users/melissawei/.rvm/gems/ruby-2.3.0/gems/actionpack-5.0.0.beta3/lib/action_dispatch/middleware/templates/rescues/_request_and_response.html.erb (0.9ms)
  Rendered /Users/melissawei/.rvm/gems/ruby-2.3.0/gems/actionpack-5.0.0.beta3/lib/action_dispatch/middleware/templates/rescues/diagnostics.html.erb within rescues/layout (75.9ms)
  Rendered /Users/melissawei/.rvm/gems/ruby-2.3.0/gems/web-console-3.1.1/lib/web_console/templates/_markup.html.erb (0.7ms)
  Rendered /Users/melissawei/.rvm/gems/ruby-2.3.0/gems/web-console-3.1.1/lib/web_console/templates/_inner_console_markup.html.erb within layouts/inlined_string (0.7ms)
  Rendered /Users/melissawei/.rvm/gems/ruby-2.3.0/gems/web-console-3.1.1/lib/web_console/templates/_prompt_box_markup.html.erb within layouts/inlined_string (0.5ms)
  Rendered /Users/melissawei/.rvm/gems/ruby-2.3.0/gems/web-console-3.1.1/lib/web_console/templates/style.css.erb within layouts/inlined_string (0.4ms)
  Rendered /Users/melissawei/.rvm/gems/ruby-2.3.0/gems/web-console-3.1.1/lib/web_console/templates/console.js.erb within layouts/javascript (72.3ms)
  Rendered /Users/melissawei/.rvm/gems/ruby-2.3.0/gems/web-console-3.1.1/lib/web_console/templates/main.js.erb within layouts/javascript (0.6ms)
  Rendered /Users/melissawei/.rvm/gems/ruby-2.3.0/gems/web-console-3.1.1/lib/web_console/templates/index.html.erb (131.8ms)
  [1m[35m (1.2ms)[0m  [1m[35mCREATE TABLE "schema_migrations" ("version" varchar PRIMARY KEY) [0m
  [1m[35m (0.8ms)[0m  [1m[35mCREATE TABLE "ar_internal_metadata" ("key" varchar PRIMARY KEY, "value" varchar, "created_at" datetime NOT NULL, "updated_at" datetime NOT NULL) [0m
  [1m[36mActiveRecord::SchemaMigration Load (0.1ms)[0m  [1m[34mSELECT "schema_migrations".* FROM "schema_migrations"[0m
Migrating to CreateUsers (1)
  [1m[35m (0.1ms)[0m  [1m[36mbegin transaction[0m
  [1m[35m (0.5ms)[0m  [1m[35mCREATE TABLE "users" ("id" INTEGER PRIMARY KEY AUTOINCREMENT NOT NULL, "username" varchar, "created_at" datetime NOT NULL, "updated_at" datetime NOT NULL) [0m
  [1m[35mSQL (0.2ms)[0m  [1m[32mINSERT INTO "schema_migrations" ("version") VALUES (?)[0m  [["version", "1"]]
  [1m[35m (0.6ms)[0m  [1m[36mcommit transaction[0m
Migrating to CreateGroups (2)
  [1m[35m (0.1ms)[0m  [1m[36mbegin transaction[0m
  [1m[35m (0.4ms)[0m  [1m[35mCREATE TABLE "groups" ("id" INTEGER PRIMARY KEY AUTOINCREMENT NOT NULL, "topic" varchar, "created_at" datetime NOT NULL, "updated_at" datetime NOT NULL) [0m
  [1m[35mSQL (0.2ms)[0m  [1m[32mINSERT INTO "schema_migrations" ("version") VALUES (?)[0m  [["version", "2"]]
  [1m[35m (0.7ms)[0m  [1m[36mcommit transaction[0m
Migrating to CreateMessages (3)
  [1m[35m (0.1ms)[0m  [1m[36mbegin transaction[0m
  [1m[35m (0.4ms)[0m  [1m[35mCREATE TABLE "messages" ("id" INTEGER PRIMARY KEY AUTOINCREMENT NOT NULL, "content" varchar, "user_id" integer, "group_id" integer, "created_at" datetime NOT NULL, "updated_at" datetime NOT NULL) [0m
  [1m[35m (0.1ms)[0m  [1m[34mselect sqlite_version(*)[0m
  [1m[35m (0.1ms)[0m  [1m[35mCREATE  INDEX "index_messages_on_user_id" ON "messages" ("user_id")[0m
  [1m[35m (0.1ms)[0m  [1m[34m            SELECT sql
            FROM sqlite_master
            WHERE name='index_messages_on_user_id' AND type='index'
            UNION ALL
            SELECT sql
            FROM sqlite_temp_master
            WHERE name='index_messages_on_user_id' AND type='index'
[0m
  [1m[35m (0.1ms)[0m  [1m[35mCREATE  INDEX "index_messages_on_group_id" ON "messages" ("group_id")[0m
  [1m[35mSQL (0.1ms)[0m  [1m[32mINSERT INTO "schema_migrations" ("version") VALUES (?)[0m  [["version", "3"]]
  [1m[35m (0.7ms)[0m  [1m[36mcommit transaction[0m
Migrating to AddSlugToChatrooms (4)
  [1m[36mActiveRecord::SchemaMigration Load (0.2ms)[0m  [1m[34mSELECT "schema_migrations".* FROM "schema_migrations"[0m
Migrating to AddSlugToGroups (4)
  [1m[35m (0.1ms)[0m  [1m[36mbegin transaction[0m
  [1m[35m (0.5ms)[0m  [1m[35mALTER TABLE "groups" ADD "slug" varchar[0m
  [1m[35mSQL (0.3ms)[0m  [1m[32mINSERT INTO "schema_migrations" ("version") VALUES (?)[0m  [["version", "4"]]
  [1m[35m (0.6ms)[0m  [1m[36mcommit transaction[0m
  [1m[36mActiveRecord::InternalMetadata Load (0.5ms)[0m  [1m[34mSELECT  "ar_internal_metadata".* FROM "ar_internal_metadata" ORDER BY "ar_internal_metadata"."key" ASC LIMIT ?[0m  [["LIMIT", 1]]
  [1m[35m (0.1ms)[0m  [1m[36mbegin transaction[0m
  [1m[35mSQL (0.4ms)[0m  [1m[32mINSERT INTO "ar_internal_metadata" ("key", "value", "created_at", "updated_at") VALUES (?, ?, ?, ?)[0m  [["key", "environment"], ["value", "development"], ["created_at", 2017-02-28 05:28:57 UTC], ["updated_at", 2017-02-28 05:28:57 UTC]]
  [1m[35m (0.6ms)[0m  [1m[36mcommit transaction[0m
  [1m[36mActiveRecord::SchemaMigration Load (0.2ms)[0m  [1m[34mSELECT "schema_migrations".* FROM "schema_migrations"[0m
  [1m[35m (0.1ms)[0m  [1m[34m            SELECT sql
            FROM sqlite_master
            WHERE name='index_messages_on_group_id' AND type='index'
            UNION ALL
            SELECT sql
            FROM sqlite_temp_master
            WHERE name='index_messages_on_group_id' AND type='index'
[0m
  [1m[35m (0.1ms)[0m  [1m[34m            SELECT sql
            FROM sqlite_master
            WHERE name='index_messages_on_user_id' AND type='index'
            UNION ALL
            SELECT sql
            FROM sqlite_temp_master
            WHERE name='index_messages_on_user_id' AND type='index'
[0m
Started GET "/cable" for 127.0.0.1 at 2017-02-28 00:29:07 -0500
  [1m[36mActiveRecord::SchemaMigration Load (0.1ms)[0m  [1m[34mSELECT "schema_migrations".* FROM "schema_migrations"[0m
Started GET "/cable/" [WebSocket] for 127.0.0.1 at 2017-02-28 00:29:07 -0500
Successfully upgraded to WebSocket (REQUEST_METHOD: GET, HTTP_CONNECTION: Upgrade, HTTP_UPGRADE: websocket)
Finished "/cable/" [WebSocket] for 127.0.0.1 at 2017-02-28 00:29:07 -0500
Started GET "/" for 127.0.0.1 at 2017-02-28 00:29:10 -0500
Processing by WelcomeController#about as HTML
  [1m[36mUser Load (0.3ms)[0m  [1m[34mSELECT  "users".* FROM "users" WHERE "users"."id" = ? LIMIT ?[0m  [["id", 1], ["LIMIT", 1]]
  Rendered welcome/about.html.erb within layouts/application (13.6ms)
Completed 500 Internal Server Error in 39ms (ActiveRecord: 0.8ms)


  
ActiveRecord::RecordNotFound (Couldn't find User with 'id'=1):
  
app/controllers/application_controller.rb:9:in `current_user'
app/views/welcome/about.html.erb:4:in `_app_views_welcome_about_html_erb___3873479991930911109_70093427233000'
  Rendered /Users/melissawei/.rvm/gems/ruby-2.3.0/gems/actionpack-5.0.0.beta3/lib/action_dispatch/middleware/templates/rescues/_source.html.erb (4.7ms)
  Rendered /Users/melissawei/.rvm/gems/ruby-2.3.0/gems/actionpack-5.0.0.beta3/lib/action_dispatch/middleware/templates/rescues/_trace.html.erb (2.0ms)
  Rendered /Users/melissawei/.rvm/gems/ruby-2.3.0/gems/actionpack-5.0.0.beta3/lib/action_dispatch/middleware/templates/rescues/_request_and_response.html.erb (1.0ms)
  Rendered /Users/melissawei/.rvm/gems/ruby-2.3.0/gems/actionpack-5.0.0.beta3/lib/action_dispatch/middleware/templates/rescues/diagnostics.html.erb within rescues/layout (83.3ms)
  Rendered /Users/melissawei/.rvm/gems/ruby-2.3.0/gems/web-console-3.1.1/lib/web_console/templates/_markup.html.erb (0.5ms)
  Rendered /Users/melissawei/.rvm/gems/ruby-2.3.0/gems/web-console-3.1.1/lib/web_console/templates/_inner_console_markup.html.erb within layouts/inlined_string (0.4ms)
  Rendered /Users/melissawei/.rvm/gems/ruby-2.3.0/gems/web-console-3.1.1/lib/web_console/templates/_prompt_box_markup.html.erb within layouts/inlined_string (0.4ms)
  Rendered /Users/melissawei/.rvm/gems/ruby-2.3.0/gems/web-console-3.1.1/lib/web_console/templates/style.css.erb within layouts/inlined_string (0.5ms)
  Rendered /Users/melissawei/.rvm/gems/ruby-2.3.0/gems/web-console-3.1.1/lib/web_console/templates/console.js.erb within layouts/javascript (74.1ms)
  Rendered /Users/melissawei/.rvm/gems/ruby-2.3.0/gems/web-console-3.1.1/lib/web_console/templates/main.js.erb within layouts/javascript (0.4ms)
  Rendered /Users/melissawei/.rvm/gems/ruby-2.3.0/gems/web-console-3.1.1/lib/web_console/templates/index.html.erb (135.9ms)
Started GET "/" for 127.0.0.1 at 2017-02-28 00:29:33 -0500
Processing by WelcomeController#about as HTML
  Rendered welcome/about.html.erb within layouts/application (0.5ms)
  Rendered layouts/_navbar_links.html.erb (1.0ms)
  Rendered layouts/_navbar.html.erb (4.1ms)
Completed 200 OK in 397ms (Views: 394.6ms | ActiveRecord: 0.0ms)


Started GET "/cable" for 127.0.0.1 at 2017-02-28 00:29:34 -0500
Started GET "/cable/" [WebSocket] for 127.0.0.1 at 2017-02-28 00:29:34 -0500
Successfully upgraded to WebSocket (REQUEST_METHOD: GET, HTTP_CONNECTION: Upgrade, HTTP_UPGRADE: websocket)
MessagesChannel is transmitting the subscription confirmation
MessagesChannel is streaming from messages
Started GET "/signup" for 127.0.0.1 at 2017-02-28 00:29:36 -0500
Processing by RegistrationsController#new as HTML
  Rendered layouts/_flash_errors.html.erb (1.1ms)
  Rendered registrations/new.html.erb within layouts/application (18.1ms)
  Rendered layouts/_navbar_links.html.erb (0.9ms)
  Rendered layouts/_navbar.html.erb (2.9ms)
Completed 200 OK in 103ms (Views: 90.9ms | ActiveRecord: 0.0ms)


Started GET "/" for 127.0.0.1 at 2017-02-28 00:33:45 -0500
  [1m[36mActiveRecord::SchemaMigration Load (0.4ms)[0m  [1m[34mSELECT "schema_migrations".* FROM "schema_migrations"[0m
  
ActiveRecord::PendingMigrationError (

Migrations are pending. To resolve this issue, run:

	bin/rails db:migrate RAILS_ENV=development

):
  
activerecord (5.0.0.beta3) lib/active_record/migration.rb:578:in `check_pending!'
activerecord (5.0.0.beta3) lib/active_record/migration.rb:554:in `call'
actionpack (5.0.0.beta3) lib/action_dispatch/middleware/callbacks.rb:29:in `block in call'
activesupport (5.0.0.beta3) lib/active_support/callbacks.rb:97:in `__run_callbacks__'
activesupport (5.0.0.beta3) lib/active_support/callbacks.rb:750:in `_run_call_callbacks'
activesupport (5.0.0.beta3) lib/active_support/callbacks.rb:90:in `run_callbacks'
actionpack (5.0.0.beta3) lib/action_dispatch/middleware/callbacks.rb:27:in `call'
actionpack (5.0.0.beta3) lib/action_dispatch/middleware/reloader.rb:71:in `call'
actionpack (5.0.0.beta3) lib/action_dispatch/middleware/remote_ip.rb:79:in `call'
actionpack (5.0.0.beta3) lib/action_dispatch/middleware/debug_exceptions.rb:49:in `call'
web-console (3.1.1) lib/web_console/middleware.rb:131:in `call_app'
web-console (3.1.1) lib/web_console/middleware.rb:28:in `block in call'
web-console (3.1.1) lib/web_console/middleware.rb:18:in `catch'
web-console (3.1.1) lib/web_console/middleware.rb:18:in `call'
actionpack (5.0.0.beta3) lib/action_dispatch/middleware/show_exceptions.rb:31:in `call'
railties (5.0.0.beta3) lib/rails/rack/logger.rb:36:in `call_app'
railties (5.0.0.beta3) lib/rails/rack/logger.rb:24:in `block in call'
activesupport (5.0.0.beta3) lib/active_support/tagged_logging.rb:70:in `block in tagged'
activesupport (5.0.0.beta3) lib/active_support/tagged_logging.rb:26:in `tagged'
activesupport (5.0.0.beta3) lib/active_support/tagged_logging.rb:70:in `tagged'
railties (5.0.0.beta3) lib/rails/rack/logger.rb:24:in `call'
actionpack (5.0.0.beta3) lib/action_dispatch/middleware/request_id.rb:24:in `call'
rack (2.0.0.alpha) lib/rack/method_override.rb:22:in `call'
rack (2.0.0.alpha) lib/rack/runtime.rb:22:in `call'
activesupport (5.0.0.beta3) lib/active_support/cache/strategy/local_cache_middleware.rb:28:in `call'
actionpack (5.0.0.beta3) lib/action_dispatch/middleware/load_interlock.rb:13:in `call'
actionpack (5.0.0.beta3) lib/action_dispatch/middleware/static.rb:136:in `call'
rack (2.0.0.alpha) lib/rack/sendfile.rb:111:in `call'
railties (5.0.0.beta3) lib/rails/engine.rb:522:in `call'
puma (3.4.0) lib/puma/configuration.rb:224:in `call'
puma (3.4.0) lib/puma/server.rb:569:in `handle_request'
puma (3.4.0) lib/puma/server.rb:406:in `process_client'
puma (3.4.0) lib/puma/server.rb:271:in `block in run'
puma (3.4.0) lib/puma/thread_pool.rb:114:in `block in spawn_thread'
  Rendered /Users/melissawei/.rvm/gems/ruby-2.3.0/gems/actionpack-5.0.0.beta3/lib/action_dispatch/middleware/templates/rescues/_source.html.erb (2.3ms)
  Rendered /Users/melissawei/.rvm/gems/ruby-2.3.0/gems/actionpack-5.0.0.beta3/lib/action_dispatch/middleware/templates/rescues/_trace.html.erb (1.2ms)
  Rendered /Users/melissawei/.rvm/gems/ruby-2.3.0/gems/actionpack-5.0.0.beta3/lib/action_dispatch/middleware/templates/rescues/_request_and_response.html.erb (0.7ms)
  Rendered /Users/melissawei/.rvm/gems/ruby-2.3.0/gems/actionpack-5.0.0.beta3/lib/action_dispatch/middleware/templates/rescues/diagnostics.html.erb within rescues/layout (79.9ms)
  Rendered /Users/melissawei/.rvm/gems/ruby-2.3.0/gems/web-console-3.1.1/lib/web_console/templates/_markup.html.erb (0.4ms)
  Rendered /Users/melissawei/.rvm/gems/ruby-2.3.0/gems/web-console-3.1.1/lib/web_console/templates/_inner_console_markup.html.erb within layouts/inlined_string (0.4ms)
  Rendered /Users/melissawei/.rvm/gems/ruby-2.3.0/gems/web-console-3.1.1/lib/web_console/templates/_prompt_box_markup.html.erb within layouts/inlined_string (0.3ms)
  Rendered /Users/melissawei/.rvm/gems/ruby-2.3.0/gems/web-console-3.1.1/lib/web_console/templates/style.css.erb within layouts/inlined_string (0.4ms)
  Rendered /Users/melissawei/.rvm/gems/ruby-2.3.0/gems/web-console-3.1.1/lib/web_console/templates/console.js.erb within layouts/javascript (73.4ms)
  Rendered /Users/melissawei/.rvm/gems/ruby-2.3.0/gems/web-console-3.1.1/lib/web_console/templates/main.js.erb within layouts/javascript (0.3ms)
  Rendered /Users/melissawei/.rvm/gems/ruby-2.3.0/gems/web-console-3.1.1/lib/web_console/templates/index.html.erb (134.0ms)
  [1m[36mActiveRecord::SchemaMigration Load (0.2ms)[0m  [1m[34mSELECT "schema_migrations".* FROM "schema_migrations"[0m
Migrating to AddPasswordToUsernames (20170228053103)
  [1m[35m (0.1ms)[0m  [1m[36mbegin transaction[0m
  [1m[35m (0.3ms)[0m  [1m[35mALTER TABLE "usernames" ADD "password_digest" integer[0m
  [1m[35m (0.0ms)[0m  [1m[31mrollback transaction[0m
  [1m[36mActiveRecord::SchemaMigration Load (0.2ms)[0m  [1m[34mSELECT "schema_migrations".* FROM "schema_migrations"[0m
Migrating to AddPasswordToUsernames (20170228053103)
  [1m[35m (0.1ms)[0m  [1m[36mbegin transaction[0m
  [1m[35m (0.5ms)[0m  [1m[35mALTER TABLE "users" ADD "password_digest" integer[0m
  [1m[35mSQL (0.2ms)[0m  [1m[32mINSERT INTO "schema_migrations" ("version") VALUES (?)[0m  [["version", "20170228053103"]]
  [1m[35m (0.6ms)[0m  [1m[36mcommit transaction[0m
  [1m[36mActiveRecord::InternalMetadata Load (0.6ms)[0m  [1m[34mSELECT  "ar_internal_metadata".* FROM "ar_internal_metadata" ORDER BY "ar_internal_metadata"."key" ASC LIMIT ?[0m  [["LIMIT", 1]]
  [1m[35m (0.1ms)[0m  [1m[36mbegin transaction[0m
  [1m[35m (0.1ms)[0m  [1m[36mcommit transaction[0m
  [1m[36mActiveRecord::SchemaMigration Load (0.3ms)[0m  [1m[34mSELECT "schema_migrations".* FROM "schema_migrations"[0m
  [1m[35m (0.1ms)[0m  [1m[34m            SELECT sql
            FROM sqlite_master
            WHERE name='index_messages_on_group_id' AND type='index'
            UNION ALL
            SELECT sql
            FROM sqlite_temp_master
            WHERE name='index_messages_on_group_id' AND type='index'
[0m
  [1m[35m (0.1ms)[0m  [1m[34m            SELECT sql
            FROM sqlite_master
            WHERE name='index_messages_on_user_id' AND type='index'
            UNION ALL
            SELECT sql
            FROM sqlite_temp_master
            WHERE name='index_messages_on_user_id' AND type='index'
[0m
Started GET "/" for 127.0.0.1 at 2017-02-28 00:35:01 -0500
  [1m[36mActiveRecord::SchemaMigration Load (0.2ms)[0m  [1m[34mSELECT "schema_migrations".* FROM "schema_migrations"[0m
Processing by WelcomeController#about as HTML
  Rendered welcome/about.html.erb within layouts/application (1.6ms)
  Rendered layouts/_navbar_links.html.erb (1.0ms)
  Rendered layouts/_navbar.html.erb (3.7ms)
Completed 200 OK in 340ms (Views: 325.1ms | ActiveRecord: 0.0ms)


Started GET "/cable" for 127.0.0.1 at 2017-02-28 00:35:01 -0500
Started GET "/cable/" [WebSocket] for 127.0.0.1 at 2017-02-28 00:35:01 -0500
Successfully upgraded to WebSocket (REQUEST_METHOD: GET, HTTP_CONNECTION: Upgrade, HTTP_UPGRADE: websocket)
Started GET "/assets/favicon-a4719dc1bd22f7aa97ab82501566399507f41fb4b79770c0480e3518f6109523.ico" for 127.0.0.1 at 2017-02-28 00:35:01 -0500
MessagesChannel is transmitting the subscription confirmation
MessagesChannel is streaming from messages
Started GET "/signup" for 127.0.0.1 at 2017-02-28 00:35:03 -0500
Processing by RegistrationsController#new as HTML
  Rendered layouts/_flash_errors.html.erb (0.6ms)
  Rendered registrations/new.html.erb within layouts/application (20.5ms)
  Rendered layouts/_navbar_links.html.erb (0.8ms)
  Rendered layouts/_navbar.html.erb (2.6ms)
Completed 200 OK in 112ms (Views: 102.1ms | ActiveRecord: 1.2ms)


Started POST "/signup" for 127.0.0.1 at 2017-02-28 00:35:07 -0500
Processing by RegistrationsController#create as HTML
  Parameters: {"utf8"=>"✓", "authenticity_token"=>"qz3UDbqUwU9lSbsGo7sZPACxuSkjURLePHm9BqwoTPWEYXujNxb9Tdl/HRdzYL0YtkQ0X9BnOB17dC+CZnJfTA==", "user"=>{"username"=>"test"}, "commit"=>"sign up"}
  [1m[35m (0.1ms)[0m  [1m[36mbegin transaction[0m
  [1m[36mUser Exists (0.2ms)[0m  [1m[34mSELECT  1 AS one FROM "users" WHERE "users"."username" = ? LIMIT ?[0m  [["username", "test"], ["LIMIT", 1]]
  [1m[35m (0.1ms)[0m  [1m[31mrollback transaction[0m
Redirected to http://localhost:3000/signup
Completed 302 Found in 22ms (ActiveRecord: 0.4ms)


Started GET "/signup" for 127.0.0.1 at 2017-02-28 00:35:07 -0500
Processing by RegistrationsController#new as HTML
  Rendered layouts/_flash_errors.html.erb (0.7ms)
  Rendered registrations/new.html.erb within layouts/application (4.1ms)
  Rendered layouts/_navbar_links.html.erb (0.7ms)
  Rendered layouts/_navbar.html.erb (2.8ms)
Completed 200 OK in 96ms (Views: 93.5ms | ActiveRecord: 0.0ms)


Finished "/cable/" [WebSocket] for 127.0.0.1 at 2017-02-28 00:35:07 -0500
MessagesChannel stopped streaming from messages
Started GET "/cable" for 127.0.0.1 at 2017-02-28 00:35:07 -0500
Started GET "/cable/" [WebSocket] for 127.0.0.1 at 2017-02-28 00:35:07 -0500
Successfully upgraded to WebSocket (REQUEST_METHOD: GET, HTTP_CONNECTION: Upgrade, HTTP_UPGRADE: websocket)
MessagesChannel is transmitting the subscription confirmation
MessagesChannel is streaming from messages
Started GET "/signup" for 127.0.0.1 at 2017-02-28 00:35:49 -0500
Processing by RegistrationsController#new as HTML
  Rendered layouts/_flash_errors.html.erb (1.0ms)
  Rendered registrations/new.html.erb within layouts/application (6.6ms)
  Rendered layouts/_navbar_links.html.erb (1.0ms)
  Rendered layouts/_navbar.html.erb (3.5ms)
Completed 200 OK in 96ms (Views: 93.8ms | ActiveRecord: 0.0ms)


Finished "/cable/" [WebSocket] for 127.0.0.1 at 2017-02-28 00:35:49 -0500
MessagesChannel stopped streaming from messages
Started GET "/cable" for 127.0.0.1 at 2017-02-28 00:35:49 -0500
Started GET "/cable/" [WebSocket] for 127.0.0.1 at 2017-02-28 00:35:49 -0500
Successfully upgraded to WebSocket (REQUEST_METHOD: GET, HTTP_CONNECTION: Upgrade, HTTP_UPGRADE: websocket)
MessagesChannel is transmitting the subscription confirmation
MessagesChannel is streaming from messages
Started GET "/assets/favicon-a4719dc1bd22f7aa97ab82501566399507f41fb4b79770c0480e3518f6109523.ico" for 127.0.0.1 at 2017-02-28 00:35:49 -0500
Started POST "/signup" for 127.0.0.1 at 2017-02-28 00:35:54 -0500
Processing by RegistrationsController#create as HTML
  Parameters: {"utf8"=>"✓", "authenticity_token"=>"43Xoj2ZTXY3k9lZa/5NlZayEIV1Ibn2K0rz75l0dj9wmEzQOHB4TfJTA22KNbfFL2xqJeB97Yi2IDkGsZiGHZw==", "user"=>{"username"=>"test", "password"=>"[FILTERED]"}, "commit"=>"sign up"}
Unpermitted parameter: password
  [1m[35m (0.1ms)[0m  [1m[36mbegin transaction[0m
  [1m[36mUser Exists (0.1ms)[0m  [1m[34mSELECT  1 AS one FROM "users" WHERE "users"."username" = ? LIMIT ?[0m  [["username", "test"], ["LIMIT", 1]]
  [1m[35m (0.1ms)[0m  [1m[31mrollback transaction[0m
Redirected to http://localhost:3000/signup
Completed 302 Found in 4ms (ActiveRecord: 0.3ms)


Started GET "/signup" for 127.0.0.1 at 2017-02-28 00:35:54 -0500
Processing by RegistrationsController#new as HTML
  Rendered layouts/_flash_errors.html.erb (1.3ms)
  Rendered registrations/new.html.erb within layouts/application (6.6ms)
  Rendered layouts/_navbar_links.html.erb (1.3ms)
  Rendered layouts/_navbar.html.erb (4.1ms)
Completed 200 OK in 81ms (Views: 77.7ms | ActiveRecord: 0.0ms)


Finished "/cable/" [WebSocket] for 127.0.0.1 at 2017-02-28 00:35:54 -0500
MessagesChannel stopped streaming from messages
Started GET "/cable" for 127.0.0.1 at 2017-02-28 00:35:54 -0500
Started GET "/cable/" [WebSocket] for 127.0.0.1 at 2017-02-28 00:35:54 -0500
Successfully upgraded to WebSocket (REQUEST_METHOD: GET, HTTP_CONNECTION: Upgrade, HTTP_UPGRADE: websocket)
MessagesChannel is transmitting the subscription confirmation
MessagesChannel is streaming from messages
Started GET "/signup" for 127.0.0.1 at 2017-02-28 00:36:05 -0500
Processing by RegistrationsController#new as HTML
  Rendered layouts/_flash_errors.html.erb (2.0ms)
  Rendered registrations/new.html.erb within layouts/application (8.0ms)
  Rendered layouts/_navbar_links.html.erb (0.9ms)
  Rendered layouts/_navbar.html.erb (3.0ms)
Completed 200 OK in 107ms (Views: 104.6ms | ActiveRecord: 0.0ms)


Finished "/cable/" [WebSocket] for 127.0.0.1 at 2017-02-28 00:36:05 -0500
MessagesChannel stopped streaming from messages
Started GET "/cable" for 127.0.0.1 at 2017-02-28 00:36:05 -0500
Started GET "/cable/" [WebSocket] for 127.0.0.1 at 2017-02-28 00:36:05 -0500
Successfully upgraded to WebSocket (REQUEST_METHOD: GET, HTTP_CONNECTION: Upgrade, HTTP_UPGRADE: websocket)
MessagesChannel is transmitting the subscription confirmation
MessagesChannel is streaming from messages
Started GET "/assets/favicon-a4719dc1bd22f7aa97ab82501566399507f41fb4b79770c0480e3518f6109523.ico" for 127.0.0.1 at 2017-02-28 00:36:05 -0500
Started GET "/" for 127.0.0.1 at 2017-02-28 00:36:12 -0500
Processing by WelcomeController#about as HTML
  Rendered welcome/about.html.erb within layouts/application (0.5ms)
  Rendered layouts/_navbar_links.html.erb (1.0ms)
  Rendered layouts/_navbar.html.erb (3.4ms)
Completed 200 OK in 80ms (Views: 76.2ms | ActiveRecord: 0.0ms)


Started GET "/" for 127.0.0.1 at 2017-02-28 00:36:18 -0500
Processing by WelcomeController#about as HTML
  Rendered welcome/about.html.erb within layouts/application (0.5ms)
  Rendered layouts/_navbar_links.html.erb (0.9ms)
  Rendered layouts/_navbar.html.erb (3.3ms)
Completed 200 OK in 70ms (Views: 66.7ms | ActiveRecord: 0.0ms)


Started GET "/groups" for 127.0.0.1 at 2017-02-28 00:36:20 -0500
Processing by GroupsController#index as HTML
Redirected to http://localhost:3000/
Filter chain halted as :authenticate_user! rendered or redirected
Completed 302 Found in 1ms (ActiveRecord: 0.0ms)


Started GET "/" for 127.0.0.1 at 2017-02-28 00:36:20 -0500
Processing by WelcomeController#about as HTML
  Rendered welcome/about.html.erb within layouts/application (0.9ms)
  Rendered layouts/_navbar_links.html.erb (0.7ms)
  Rendered layouts/_navbar.html.erb (2.7ms)
Completed 200 OK in 80ms (Views: 77.6ms | ActiveRecord: 0.0ms)


Started GET "/" for 127.0.0.1 at 2017-02-28 00:36:22 -0500
Processing by WelcomeController#about as HTML
  Rendered welcome/about.html.erb within layouts/application (0.5ms)
  Rendered layouts/_navbar_links.html.erb (0.7ms)
  Rendered layouts/_navbar.html.erb (3.0ms)
Completed 200 OK in 76ms (Views: 73.7ms | ActiveRecord: 0.0ms)


Started GET "/groups" for 127.0.0.1 at 2017-02-28 00:36:24 -0500
Processing by GroupsController#index as HTML
Redirected to http://localhost:3000/
Filter chain halted as :authenticate_user! rendered or redirected
Completed 302 Found in 1ms (ActiveRecord: 0.0ms)


Started GET "/" for 127.0.0.1 at 2017-02-28 00:36:24 -0500
Processing by WelcomeController#about as HTML
  Rendered welcome/about.html.erb within layouts/application (0.6ms)
  Rendered layouts/_navbar_links.html.erb (0.6ms)
  Rendered layouts/_navbar.html.erb (2.5ms)
Completed 200 OK in 65ms (Views: 62.2ms | ActiveRecord: 0.0ms)


Started GET "/login" for 127.0.0.1 at 2017-02-28 00:36:27 -0500
Processing by SessionsController#new as HTML
  Rendered layouts/_flash_errors.html.erb (0.6ms)
  Rendered sessions/new.html.erb within layouts/application (4.5ms)
  Rendered layouts/_navbar_links.html.erb (0.7ms)
  Rendered layouts/_navbar.html.erb (2.8ms)
Completed 200 OK in 65ms (Views: 60.9ms | ActiveRecord: 0.0ms)


Started GET "/login" for 127.0.0.1 at 2017-02-28 00:37:29 -0500
Processing by SessionsController#new as HTML
  Rendered layouts/_flash_errors.html.erb (1.1ms)
  Rendered sessions/new.html.erb within layouts/application (8.1ms)
  Rendered layouts/_navbar_links.html.erb (1.6ms)
  Rendered layouts/_navbar.html.erb (5.8ms)
Completed 200 OK in 126ms (Views: 122.5ms | ActiveRecord: 0.0ms)


Finished "/cable/" [WebSocket] for 127.0.0.1 at 2017-02-28 00:37:29 -0500
MessagesChannel stopped streaming from messages
Started GET "/cable" for 127.0.0.1 at 2017-02-28 00:37:29 -0500
Started GET "/cable/" [WebSocket] for 127.0.0.1 at 2017-02-28 00:37:29 -0500
Successfully upgraded to WebSocket (REQUEST_METHOD: GET, HTTP_CONNECTION: Upgrade, HTTP_UPGRADE: websocket)
MessagesChannel is transmitting the subscription confirmation
MessagesChannel is streaming from messages
Started GET "/assets/favicon-a4719dc1bd22f7aa97ab82501566399507f41fb4b79770c0480e3518f6109523.ico" for 127.0.0.1 at 2017-02-28 00:37:30 -0500
Started GET "/login" for 127.0.0.1 at 2017-02-28 00:37:57 -0500
Processing by SessionsController#new as HTML
  Rendered layouts/_flash_errors.html.erb (1.1ms)
  Rendered sessions/new.html.erb within layouts/application (8.5ms)
  Rendered layouts/_navbar_links.html.erb (1.7ms)
  Rendered layouts/_navbar.html.erb (6.0ms)
Completed 200 OK in 129ms (Views: 124.3ms | ActiveRecord: 0.0ms)


Finished "/cable/" [WebSocket] for 127.0.0.1 at 2017-02-28 00:37:57 -0500
MessagesChannel stopped streaming from messages
Started GET "/cable" for 127.0.0.1 at 2017-02-28 00:37:57 -0500
Started GET "/cable/" [WebSocket] for 127.0.0.1 at 2017-02-28 00:37:57 -0500
Successfully upgraded to WebSocket (REQUEST_METHOD: GET, HTTP_CONNECTION: Upgrade, HTTP_UPGRADE: websocket)
MessagesChannel is transmitting the subscription confirmation
MessagesChannel is streaming from messages
Started GET "/assets/favicon-a4719dc1bd22f7aa97ab82501566399507f41fb4b79770c0480e3518f6109523.ico" for 127.0.0.1 at 2017-02-28 00:37:57 -0500
Started GET "/signup" for 127.0.0.1 at 2017-02-28 00:37:59 -0500
Processing by RegistrationsController#new as HTML
  Rendered layouts/_flash_errors.html.erb (1.4ms)
  Rendered registrations/new.html.erb within layouts/application (12.7ms)
  Rendered layouts/_navbar_links.html.erb (1.5ms)
  Rendered layouts/_navbar.html.erb (5.3ms)
Completed 200 OK in 133ms (Views: 127.1ms | ActiveRecord: 0.0ms)


Started POST "/signup" for 127.0.0.1 at 2017-02-28 00:38:03 -0500
Processing by RegistrationsController#create as HTML
  Parameters: {"utf8"=>"✓", "authenticity_token"=>"j39VXFBEy6zAVgwmjAbaFozvprxCGhse12/J8cHf0m6gI/ry3cb3rnxgqjdc3X4yOhoryrEsMd2QYlt1C4XB1w==", "user"=>{"username"=>"Melissa", "password"=>"[FILTERED]"}, "commit"=>"sign up"}
Unpermitted parameter: password
  [1m[35m (0.2ms)[0m  [1m[36mbegin transaction[0m
  [1m[36mUser Exists (0.3ms)[0m  [1m[34mSELECT  1 AS one FROM "users" WHERE "users"."username" = ? LIMIT ?[0m  [["username", "Melissa"], ["LIMIT", 1]]
  [1m[35m (0.1ms)[0m  [1m[31mrollback transaction[0m
Redirected to http://localhost:3000/signup
Completed 302 Found in 8ms (ActiveRecord: 0.7ms)


Started GET "/signup" for 127.0.0.1 at 2017-02-28 00:38:03 -0500
Processing by RegistrationsController#new as HTML
  Rendered layouts/_flash_errors.html.erb (0.9ms)
  Rendered registrations/new.html.erb within layouts/application (8.8ms)
  Rendered layouts/_navbar_links.html.erb (1.7ms)
  Rendered layouts/_navbar.html.erb (6.5ms)
Completed 200 OK in 130ms (Views: 125.9ms | ActiveRecord: 0.0ms)


Finished "/cable/" [WebSocket] for 127.0.0.1 at 2017-02-28 00:38:03 -0500
MessagesChannel stopped streaming from messages
Started GET "/cable" for 127.0.0.1 at 2017-02-28 00:38:03 -0500
Started GET "/cable/" [WebSocket] for 127.0.0.1 at 2017-02-28 00:38:03 -0500
Successfully upgraded to WebSocket (REQUEST_METHOD: GET, HTTP_CONNECTION: Upgrade, HTTP_UPGRADE: websocket)
MessagesChannel is transmitting the subscription confirmation
MessagesChannel is streaming from messages
Started POST "/signup" for 127.0.0.1 at 2017-02-28 00:38:48 -0500
Processing by RegistrationsController#create as HTML
  Parameters: {"utf8"=>"✓", "authenticity_token"=>"nJ225gMLoB+joZ9mKOLg+4ztMuqDwBBbF+OfGalji9BZ+2pneUbu7tOXEl5aHHTV+3Oaz9TVD/xNUSVTkl+Daw==", "user"=>{"username"=>"Melissa", "password"=>"[FILTERED]"}, "commit"=>"sign up"}
Completed 500 Internal Server Error in 37271ms (ActiveRecord: 0.0ms)


  
ArgumentError (wrong number of arguments (given 2, expected 1)):
  
app/controllers/registrations_controller.rb:22:in `user_params'
app/controllers/registrations_controller.rb:10:in `create'
  Rendered /Users/melissawei/.rvm/gems/ruby-2.3.0/gems/actionpack-5.0.0.beta3/lib/action_dispatch/middleware/templates/rescues/_source.html.erb (8.5ms)
  Rendered /Users/melissawei/.rvm/gems/ruby-2.3.0/gems/actionpack-5.0.0.beta3/lib/action_dispatch/middleware/templates/rescues/_trace.html.erb (3.3ms)
  Rendered /Users/melissawei/.rvm/gems/ruby-2.3.0/gems/actionpack-5.0.0.beta3/lib/action_dispatch/middleware/templates/rescues/_request_and_response.html.erb (3.0ms)
  Rendered /Users/melissawei/.rvm/gems/ruby-2.3.0/gems/actionpack-5.0.0.beta3/lib/action_dispatch/middleware/templates/rescues/diagnostics.html.erb within rescues/layout (161.7ms)
  Rendered /Users/melissawei/.rvm/gems/ruby-2.3.0/gems/web-console-3.1.1/lib/web_console/templates/_markup.html.erb (1.1ms)
  Rendered /Users/melissawei/.rvm/gems/ruby-2.3.0/gems/web-console-3.1.1/lib/web_console/templates/_inner_console_markup.html.erb within layouts/inlined_string (0.6ms)
  Rendered /Users/melissawei/.rvm/gems/ruby-2.3.0/gems/web-console-3.1.1/lib/web_console/templates/_prompt_box_markup.html.erb within layouts/inlined_string (0.6ms)
  Rendered /Users/melissawei/.rvm/gems/ruby-2.3.0/gems/web-console-3.1.1/lib/web_console/templates/style.css.erb within layouts/inlined_string (0.9ms)
  Rendered /Users/melissawei/.rvm/gems/ruby-2.3.0/gems/web-console-3.1.1/lib/web_console/templates/console.js.erb within layouts/javascript (144.9ms)
  Rendered /Users/melissawei/.rvm/gems/ruby-2.3.0/gems/web-console-3.1.1/lib/web_console/templates/main.js.erb within layouts/javascript (0.7ms)
  Rendered /Users/melissawei/.rvm/gems/ruby-2.3.0/gems/web-console-3.1.1/lib/web_console/templates/index.html.erb (286.5ms)
Finished "/cable/" [WebSocket] for 127.0.0.1 at 2017-02-28 00:39:26 -0500
MessagesChannel stopped streaming from messages
Started GET "/signup" for 127.0.0.1 at 2017-02-28 00:39:33 -0500
Processing by RegistrationsController#new as HTML
  Rendered layouts/_flash_errors.html.erb (1.1ms)
  Rendered registrations/new.html.erb within layouts/application (8.8ms)
  Rendered layouts/_navbar_links.html.erb (2.0ms)
  Rendered layouts/_navbar.html.erb (6.3ms)
Completed 200 OK in 202ms (Views: 171.0ms | ActiveRecord: 2.0ms)


Started GET "/cable" for 127.0.0.1 at 2017-02-28 00:39:33 -0500
Started GET "/cable/" [WebSocket] for 127.0.0.1 at 2017-02-28 00:39:33 -0500
Successfully upgraded to WebSocket (REQUEST_METHOD: GET, HTTP_CONNECTION: Upgrade, HTTP_UPGRADE: websocket)
MessagesChannel is transmitting the subscription confirmation
MessagesChannel is streaming from messages
Started POST "/signup" for 127.0.0.1 at 2017-02-28 00:39:39 -0500
Processing by RegistrationsController#create as HTML
  Parameters: {"utf8"=>"✓", "authenticity_token"=>"dn++FqaS9n49tvi5WTr0HMvA8pLmKr9npfHdvgf+XAmzGWKX3N+4j02AdYErxGAyvF5at7E/oMD/Q2f0PMJUsg==", "user"=>{"username"=>"melissa", "password"=>"[FILTERED]"}, "commit"=>"sign up"}
  [1m[35m (0.1ms)[0m  [1m[36mbegin transaction[0m
  [1m[36mUser Exists (0.3ms)[0m  [1m[34mSELECT  1 AS one FROM "users" WHERE "users"."username" = ? LIMIT ?[0m  [["username", "melissa"], ["LIMIT", 1]]
  [1m[35mSQL (0.6ms)[0m  [1m[32mINSERT INTO "users" ("username", "created_at", "updated_at", "password_digest") VALUES (?, ?, ?, ?)[0m  [["username", "melissa"], ["created_at", 2017-02-28 05:39:49 UTC], ["updated_at", 2017-02-28 05:39:49 UTC], ["password_digest", 0]]
  [1m[35m (2.5ms)[0m  [1m[36mcommit transaction[0m
Redirected to http://localhost:3000/groups
Completed 302 Found in 9245ms (ActiveRecord: 3.6ms)


Started GET "/groups" for 127.0.0.1 at 2017-02-28 00:39:49 -0500
Processing by GroupsController#index as HTML
  [1m[36mUser Load (0.3ms)[0m  [1m[34mSELECT  "users".* FROM "users" WHERE "users"."id" = ? LIMIT ?[0m  [["id", 1], ["LIMIT", 1]]
  Rendered groups/_group_form.html.erb (4.7ms)
  [1m[35m (0.3ms)[0m  [1m[34mSELECT COUNT(*) FROM "groups"[0m
  Rendered groups/index.html.erb within layouts/application (10.4ms)
  Rendered layouts/_navbar_links.html.erb (1.4ms)
  Rendered layouts/_navbar.html.erb (5.5ms)
Completed 200 OK in 170ms (Views: 142.3ms | ActiveRecord: 1.2ms)


Finished "/cable/" [WebSocket] for 127.0.0.1 at 2017-02-28 00:39:49 -0500
MessagesChannel stopped streaming from messages
Started GET "/cable" for 127.0.0.1 at 2017-02-28 00:39:49 -0500
Started GET "/cable/" [WebSocket] for 127.0.0.1 at 2017-02-28 00:39:49 -0500
Successfully upgraded to WebSocket (REQUEST_METHOD: GET, HTTP_CONNECTION: Upgrade, HTTP_UPGRADE: websocket)
MessagesChannel is transmitting the subscription confirmation
MessagesChannel is streaming from messages
Started DELETE "/logout" for 127.0.0.1 at 2017-02-28 00:39:59 -0500
Processing by SessionsController#destroy as HTML
  Parameters: {"authenticity_token"=>"PkMWZEKDRzHC1xOjMhQ9Q/mlQ0UNHPXUJyRpBtaOqyr7JcrlOM4JwLLhnptA6qltjjvrYFoJ6nN9ltNM7bKjkQ=="}
Redirected to http://localhost:3000/
Completed 302 Found in 2ms (ActiveRecord: 0.0ms)


Started GET "/" for 127.0.0.1 at 2017-02-28 00:40:00 -0500
Processing by WelcomeController#about as HTML
  Rendered welcome/about.html.erb within layouts/application (1.2ms)
  Rendered layouts/_navbar_links.html.erb (1.9ms)
  Rendered layouts/_navbar.html.erb (5.9ms)
Completed 200 OK in 134ms (Views: 130.1ms | ActiveRecord: 0.0ms)


Finished "/cable/" [WebSocket] for 127.0.0.1 at 2017-02-28 00:40:00 -0500
MessagesChannel stopped streaming from messages
Started GET "/cable" for 127.0.0.1 at 2017-02-28 00:40:00 -0500
Started GET "/cable/" [WebSocket] for 127.0.0.1 at 2017-02-28 00:40:00 -0500
Successfully upgraded to WebSocket (REQUEST_METHOD: GET, HTTP_CONNECTION: Upgrade, HTTP_UPGRADE: websocket)
MessagesChannel is transmitting the subscription confirmation
MessagesChannel is streaming from messages
Started GET "/login" for 127.0.0.1 at 2017-02-28 00:40:01 -0500
Processing by SessionsController#new as HTML
  Rendered layouts/_flash_errors.html.erb (1.0ms)
  Rendered sessions/new.html.erb within layouts/application (8.9ms)
  Rendered layouts/_navbar_links.html.erb (0.9ms)
  Rendered layouts/_navbar.html.erb (3.9ms)
Completed 200 OK in 160ms (Views: 122.9ms | ActiveRecord: 3.3ms)


Started POST "/login" for 127.0.0.1 at 2017-02-28 00:40:06 -0500
Processing by SessionsController#create as HTML
  Parameters: {"utf8"=>"✓", "authenticity_token"=>"kLI/B5va5SRZ4nhZjT6WMmehBza6nanySJ6nZgjCXYKuUj+1seOJr/0nMrDADGp0e7gt4FVi6rLneguG1W1Zfg==", "user"=>{"username"=>"melissa", "password"=>"[FILTERED]"}, "commit"=>"log in"}
Unpermitted parameter: password
  [1m[36mUser Load (0.4ms)[0m  [1m[34mSELECT  "users".* FROM "users" WHERE "users"."username" = ? LIMIT ?[0m  [["username", "melissa"], ["LIMIT", 1]]
Redirected to http://localhost:3000/groups
Completed 302 Found in 5ms (ActiveRecord: 0.4ms)


Started GET "/groups" for 127.0.0.1 at 2017-02-28 00:40:06 -0500
Processing by GroupsController#index as HTML
  [1m[36mUser Load (0.4ms)[0m  [1m[34mSELECT  "users".* FROM "users" WHERE "users"."id" = ? LIMIT ?[0m  [["id", 1], ["LIMIT", 1]]
  Rendered groups/_group_form.html.erb (3.1ms)
  [1m[35m (0.2ms)[0m  [1m[34mSELECT COUNT(*) FROM "groups"[0m
  Rendered groups/index.html.erb within layouts/application (7.5ms)
  Rendered layouts/_navbar_links.html.erb (1.1ms)
  Rendered layouts/_navbar.html.erb (5.5ms)
Completed 200 OK in 123ms (Views: 101.5ms | ActiveRecord: 1.4ms)


Finished "/cable/" [WebSocket] for 127.0.0.1 at 2017-02-28 00:40:06 -0500
MessagesChannel stopped streaming from messages
Started GET "/cable" for 127.0.0.1 at 2017-02-28 00:40:06 -0500
Started GET "/cable/" [WebSocket] for 127.0.0.1 at 2017-02-28 00:40:06 -0500
Successfully upgraded to WebSocket (REQUEST_METHOD: GET, HTTP_CONNECTION: Upgrade, HTTP_UPGRADE: websocket)
MessagesChannel is transmitting the subscription confirmation
MessagesChannel is streaming from messages
Started DELETE "/logout" for 127.0.0.1 at 2017-02-28 00:40:38 -0500
Processing by SessionsController#destroy as HTML
  Parameters: {"authenticity_token"=>"MCaM4huyrScctp2uo8oZBTNUuE7jjTiAnxcaYDIfpgAhlWx5NHjAinmM5yPWbNQd34xjHe60tkzTF+giMCgqGQ=="}
Redirected to http://localhost:3000/
Completed 302 Found in 1ms (ActiveRecord: 0.0ms)


Started GET "/" for 127.0.0.1 at 2017-02-28 00:40:38 -0500
Processing by WelcomeController#about as HTML
  Rendered welcome/about.html.erb within layouts/application (0.9ms)
  Rendered layouts/_navbar_links.html.erb (1.3ms)
  Rendered layouts/_navbar.html.erb (5.1ms)
Completed 200 OK in 108ms (Views: 104.2ms | ActiveRecord: 0.0ms)


Finished "/cable/" [WebSocket] for 127.0.0.1 at 2017-02-28 00:40:38 -0500
MessagesChannel stopped streaming from messages
Started GET "/cable" for 127.0.0.1 at 2017-02-28 00:40:38 -0500
Started GET "/cable/" [WebSocket] for 127.0.0.1 at 2017-02-28 00:40:38 -0500
Successfully upgraded to WebSocket (REQUEST_METHOD: GET, HTTP_CONNECTION: Upgrade, HTTP_UPGRADE: websocket)
MessagesChannel is transmitting the subscription confirmation
MessagesChannel is streaming from messages
Started GET "/login" for 127.0.0.1 at 2017-02-28 00:40:39 -0500
Processing by SessionsController#new as HTML
  Rendered layouts/_flash_errors.html.erb (1.1ms)
  Rendered sessions/new.html.erb within layouts/application (7.9ms)
  Rendered layouts/_navbar_links.html.erb (1.2ms)
  Rendered layouts/_navbar.html.erb (4.8ms)
Completed 200 OK in 157ms (Views: 129.4ms | ActiveRecord: 1.2ms)


Started POST "/login" for 127.0.0.1 at 2017-02-28 00:40:43 -0500
Processing by SessionsController#create as HTML
  Parameters: {"utf8"=>"✓", "authenticity_token"=>"4q3+mTezaB4ySU92zLc78tWmk14O7ZTm+iHZukmPALXvk+uBeot03pw8bF0A2b7/xqA5jp9V/n8gt3IspReFww==", "user"=>{"username"=>"melissa", "password"=>"[FILTERED]"}, "commit"=>"log in"}
  [1m[36mUser Load (3.4ms)[0m  [1m[34mSELECT  "users".* FROM "users" WHERE "users"."username" = ? AND "users"."password" = ? LIMIT ?[0m  [["username", "melissa"], ["password", "pass"], ["LIMIT", 1]]
Completed 500 Internal Server Error in 8ms (ActiveRecord: 3.4ms)


  
ActiveRecord::StatementInvalid (SQLite3::SQLException: no such column: users.password: SELECT  "users".* FROM "users" WHERE "users"."username" = ? AND "users"."password" = ? LIMIT ?):
  
app/controllers/sessions_controller.rb:10:in `create'
  Rendered /Users/melissawei/.rvm/gems/ruby-2.3.0/gems/actionpack-5.0.0.beta3/lib/action_dispatch/middleware/templates/rescues/_source.html.erb (10.3ms)
  Rendered /Users/melissawei/.rvm/gems/ruby-2.3.0/gems/actionpack-5.0.0.beta3/lib/action_dispatch/middleware/templates/rescues/_trace.html.erb (3.9ms)
  Rendered /Users/melissawei/.rvm/gems/ruby-2.3.0/gems/actionpack-5.0.0.beta3/lib/action_dispatch/middleware/templates/rescues/_request_and_response.html.erb (2.9ms)
  Rendered /Users/melissawei/.rvm/gems/ruby-2.3.0/gems/actionpack-5.0.0.beta3/lib/action_dispatch/middleware/templates/rescues/diagnostics.html.erb within rescues/layout (147.3ms)
  Rendered /Users/melissawei/.rvm/gems/ruby-2.3.0/gems/web-console-3.1.1/lib/web_console/templates/_markup.html.erb (0.7ms)
  Rendered /Users/melissawei/.rvm/gems/ruby-2.3.0/gems/web-console-3.1.1/lib/web_console/templates/_inner_console_markup.html.erb within layouts/inlined_string (0.8ms)
  Rendered /Users/melissawei/.rvm/gems/ruby-2.3.0/gems/web-console-3.1.1/lib/web_console/templates/_prompt_box_markup.html.erb within layouts/inlined_string (0.8ms)
  Rendered /Users/melissawei/.rvm/gems/ruby-2.3.0/gems/web-console-3.1.1/lib/web_console/templates/style.css.erb within layouts/inlined_string (0.8ms)
  Rendered /Users/melissawei/.rvm/gems/ruby-2.3.0/gems/web-console-3.1.1/lib/web_console/templates/console.js.erb within layouts/javascript (126.9ms)
  Rendered /Users/melissawei/.rvm/gems/ruby-2.3.0/gems/web-console-3.1.1/lib/web_console/templates/main.js.erb within layouts/javascript (0.8ms)
  Rendered /Users/melissawei/.rvm/gems/ruby-2.3.0/gems/web-console-3.1.1/lib/web_console/templates/index.html.erb (244.6ms)
Finished "/cable/" [WebSocket] for 127.0.0.1 at 2017-02-28 00:40:44 -0500
MessagesChannel stopped streaming from messages
Started GET "/" for 127.0.0.1 at 2017-02-28 00:44:03 -0500
Processing by WelcomeController#about as HTML
  Rendered welcome/about.html.erb within layouts/application (1.5ms)
  Rendered layouts/_navbar_links.html.erb (3.5ms)
  Rendered layouts/_navbar.html.erb (11.8ms)
Completed 200 OK in 346ms (Views: 337.7ms | ActiveRecord: 0.0ms)


Started GET "/cable" for 127.0.0.1 at 2017-02-28 00:44:04 -0500
Started GET "/cable/" [WebSocket] for 127.0.0.1 at 2017-02-28 00:44:04 -0500
Successfully upgraded to WebSocket (REQUEST_METHOD: GET, HTTP_CONNECTION: Upgrade, HTTP_UPGRADE: websocket)
MessagesChannel is transmitting the subscription confirmation
MessagesChannel is streaming from messages
Started GET "/signup" for 127.0.0.1 at 2017-02-28 00:44:05 -0500
Processing by RegistrationsController#new as HTML
  Rendered layouts/_flash_errors.html.erb (1.9ms)
  Rendered registrations/new.html.erb within layouts/application (14.2ms)
  Rendered layouts/_navbar_links.html.erb (4.8ms)
  Rendered layouts/_navbar.html.erb (12.0ms)
Completed 200 OK in 297ms (Views: 286.7ms | ActiveRecord: 0.0ms)


Started POST "/signup" for 127.0.0.1 at 2017-02-28 00:44:10 -0500
Processing by RegistrationsController#create as HTML
  Parameters: {"utf8"=>"✓", "authenticity_token"=>"Pz8F7DvkHOHeYo+sYHmdkkeK1ZiFpKy5Rml/DBV7BWHemRE5PVb1elELBmwouAHvp6sYaykLONZY8WHh08rSZw==", "user"=>{"username"=>"test", "password"=>"[FILTERED]"}, "commit"=>"sign up"}
  [1m[35m (0.3ms)[0m  [1m[36mbegin transaction[0m
  [1m[36mUser Exists (0.5ms)[0m  [1m[34mSELECT  1 AS one FROM "users" WHERE "users"."username" = ? LIMIT ?[0m  [["username", "test"], ["LIMIT", 1]]
  [1m[35mSQL (0.8ms)[0m  [1m[32mINSERT INTO "users" ("username", "created_at", "updated_at", "password_digest") VALUES (?, ?, ?, ?)[0m  [["username", "test"], ["created_at", 2017-02-28 05:44:11 UTC], ["updated_at", 2017-02-28 05:44:11 UTC], ["password_digest", 0]]
  [1m[35m (2.9ms)[0m  [1m[36mcommit transaction[0m
Redirected to http://localhost:3000/groups
Completed 302 Found in 264ms (ActiveRecord: 4.5ms)


Started GET "/groups" for 127.0.0.1 at 2017-02-28 00:44:11 -0500
Processing by GroupsController#index as HTML
  [1m[36mUser Load (0.5ms)[0m  [1m[34mSELECT  "users".* FROM "users" WHERE "users"."id" = ? LIMIT ?[0m  [["id", 2], ["LIMIT", 1]]
  Rendered groups/_group_form.html.erb (4.8ms)
  [1m[35m (0.3ms)[0m  [1m[34mSELECT COUNT(*) FROM "groups"[0m
  Rendered groups/index.html.erb within layouts/application (12.4ms)
  Rendered layouts/_navbar_links.html.erb (2.6ms)
  Rendered layouts/_navbar.html.erb (9.1ms)
Completed 200 OK in 295ms (Views: 257.8ms | ActiveRecord: 2.3ms)


Finished "/cable/" [WebSocket] for 127.0.0.1 at 2017-02-28 00:44:11 -0500
MessagesChannel stopped streaming from messages
Started GET "/cable" for 127.0.0.1 at 2017-02-28 00:44:11 -0500
Started GET "/cable/" [WebSocket] for 127.0.0.1 at 2017-02-28 00:44:11 -0500
Successfully upgraded to WebSocket (REQUEST_METHOD: GET, HTTP_CONNECTION: Upgrade, HTTP_UPGRADE: websocket)
MessagesChannel is transmitting the subscription confirmation
MessagesChannel is streaming from messages
  [1m[36mActiveRecord::SchemaMigration Load (0.4ms)[0m  [1m[34mSELECT "schema_migrations".* FROM "schema_migrations"[0m
  [1m[36mActiveRecord::SchemaMigration Load (0.2ms)[0m  [1m[34mSELECT "schema_migrations".* FROM "schema_migrations"[0m
Migrating to AddPasswordToUsernames (20170228053103)
  [1m[35m (0.1ms)[0m  [1m[36mbegin transaction[0m
  [1m[35m (1.0ms)[0m  [1m[35mCREATE TEMPORARY TABLE "ausers" ("id" INTEGER PRIMARY KEY AUTOINCREMENT NOT NULL, "username" varchar, "created_at" datetime NOT NULL, "updated_at" datetime NOT NULL, "password_digest" integer) [0m
  [1m[35m (0.3ms)[0m  [1m[32mINSERT INTO "ausers" ("id","username","created_at","updated_at","password_digest")
                     SELECT "id","username","created_at","updated_at","password_digest" FROM "users"[0m
  [1m[35m (1.9ms)[0m  [1m[35mDROP TABLE "users"[0m
  [1m[35m (0.7ms)[0m  [1m[35mCREATE TABLE "users" ("id" INTEGER PRIMARY KEY AUTOINCREMENT NOT NULL, "username" varchar, "created_at" datetime NOT NULL, "updated_at" datetime NOT NULL) [0m
  [1m[35m (0.3ms)[0m  [1m[32mINSERT INTO "users" ("id","username","created_at","updated_at")
                     SELECT "id","username","created_at","updated_at" FROM "ausers"[0m
  [1m[35m (0.4ms)[0m  [1m[35mDROP TABLE "ausers"[0m
  [1m[35mSQL (0.5ms)[0m  [1m[31mDELETE FROM "schema_migrations" WHERE "schema_migrations"."version" = ?[0m  [["version", "20170228053103"]]
  [1m[35m (2.0ms)[0m  [1m[36mcommit transaction[0m
  [1m[36mActiveRecord::SchemaMigration Load (0.3ms)[0m  [1m[34mSELECT "schema_migrations".* FROM "schema_migrations"[0m
  [1m[35m (0.7ms)[0m  [1m[34m            SELECT sql
            FROM sqlite_master
            WHERE name='index_messages_on_group_id' AND type='index'
            UNION ALL
            SELECT sql
            FROM sqlite_temp_master
            WHERE name='index_messages_on_group_id' AND type='index'
[0m
  [1m[35m (0.3ms)[0m  [1m[34m            SELECT sql
            FROM sqlite_master
            WHERE name='index_messages_on_user_id' AND type='index'
            UNION ALL
            SELECT sql
            FROM sqlite_temp_master
            WHERE name='index_messages_on_user_id' AND type='index'
[0m
  [1m[36mActiveRecord::SchemaMigration Load (0.3ms)[0m  [1m[34mSELECT "schema_migrations".* FROM "schema_migrations"[0m
Migrating to AddPasswordToUsernames (20170228053103)
  [1m[35m (0.2ms)[0m  [1m[36mbegin transaction[0m
  [1m[35m (1.5ms)[0m  [1m[35mALTER TABLE "users" ADD "password_digest" varchar[0m
  [1m[35mSQL (0.8ms)[0m  [1m[32mINSERT INTO "schema_migrations" ("version") VALUES (?)[0m  [["version", "20170228053103"]]
  [1m[35m (13.0ms)[0m  [1m[36mcommit transaction[0m
  [1m[36mActiveRecord::InternalMetadata Load (1.4ms)[0m  [1m[34mSELECT  "ar_internal_metadata".* FROM "ar_internal_metadata" ORDER BY "ar_internal_metadata"."key" ASC LIMIT ?[0m  [["LIMIT", 1]]
  [1m[35m (0.2ms)[0m  [1m[36mbegin transaction[0m
  [1m[35m (0.1ms)[0m  [1m[36mcommit transaction[0m
  [1m[36mActiveRecord::SchemaMigration Load (0.3ms)[0m  [1m[34mSELECT "schema_migrations".* FROM "schema_migrations"[0m
  [1m[35m (0.2ms)[0m  [1m[34m            SELECT sql
            FROM sqlite_master
            WHERE name='index_messages_on_group_id' AND type='index'
            UNION ALL
            SELECT sql
            FROM sqlite_temp_master
            WHERE name='index_messages_on_group_id' AND type='index'
[0m
  [1m[35m (0.4ms)[0m  [1m[34m            SELECT sql
            FROM sqlite_master
            WHERE name='index_messages_on_user_id' AND type='index'
            UNION ALL
            SELECT sql
            FROM sqlite_temp_master
            WHERE name='index_messages_on_user_id' AND type='index'
[0m
Started GET "/" for 127.0.0.1 at 2017-02-28 00:49:02 -0500
  [1m[36mActiveRecord::SchemaMigration Load (0.3ms)[0m  [1m[34mSELECT "schema_migrations".* FROM "schema_migrations"[0m
Processing by WelcomeController#about as HTML
  [1m[36mUser Load (0.6ms)[0m  [1m[34mSELECT  "users".* FROM "users" WHERE "users"."id" = ? LIMIT ?[0m  [["id", 2], ["LIMIT", 1]]
  Rendered welcome/about.html.erb within layouts/application (39.5ms)
  Rendered layouts/_navbar_links.html.erb (2.5ms)
  Rendered layouts/_navbar.html.erb (10.5ms)
Completed 200 OK in 1133ms (Views: 1091.8ms | ActiveRecord: 2.1ms)


Started GET "/cable" for 127.0.0.1 at 2017-02-28 00:49:04 -0500
Started GET "/cable/" [WebSocket] for 127.0.0.1 at 2017-02-28 00:49:04 -0500
Successfully upgraded to WebSocket (REQUEST_METHOD: GET, HTTP_CONNECTION: Upgrade, HTTP_UPGRADE: websocket)
MessagesChannel is transmitting the subscription confirmation
MessagesChannel is streaming from messages
Started DELETE "/logout" for 127.0.0.1 at 2017-02-28 00:49:05 -0500
Processing by SessionsController#destroy as HTML
  Parameters: {"authenticity_token"=>"d1XxfzQujZJhjmN4rSXsov3/Iir+tfiygCnHvz9n/COYFiwLBmQfEI2hiFsN1IuQXxdBQCKFXymTw+Dbq75PlA=="}
Redirected to http://localhost:3000/
Completed 302 Found in 3ms (ActiveRecord: 0.0ms)


Started GET "/" for 127.0.0.1 at 2017-02-28 00:49:05 -0500
Processing by WelcomeController#about as HTML
  Rendered welcome/about.html.erb within layouts/application (1.4ms)
  Rendered layouts/_navbar_links.html.erb (2.2ms)
  Rendered layouts/_navbar.html.erb (10.5ms)
Completed 200 OK in 331ms (Views: 323.9ms | ActiveRecord: 0.0ms)


Finished "/cable/" [WebSocket] for 127.0.0.1 at 2017-02-28 00:49:05 -0500
MessagesChannel stopped streaming from messages
Started GET "/cable" for 127.0.0.1 at 2017-02-28 00:49:06 -0500
Started GET "/cable/" [WebSocket] for 127.0.0.1 at 2017-02-28 00:49:06 -0500
Successfully upgraded to WebSocket (REQUEST_METHOD: GET, HTTP_CONNECTION: Upgrade, HTTP_UPGRADE: websocket)
MessagesChannel is transmitting the subscription confirmation
MessagesChannel is streaming from messages
Started GET "/signup" for 127.0.0.1 at 2017-02-28 00:49:08 -0500
Processing by RegistrationsController#new as HTML
  Rendered layouts/_flash_errors.html.erb (1.9ms)
  Rendered registrations/new.html.erb within layouts/application (63.1ms)
  Rendered layouts/_navbar_links.html.erb (3.2ms)
  Rendered layouts/_navbar.html.erb (9.4ms)
Completed 200 OK in 335ms (Views: 323.5ms | ActiveRecord: 0.0ms)


Started POST "/signup" for 127.0.0.1 at 2017-02-28 00:49:14 -0500
Processing by RegistrationsController#create as HTML
  Parameters: {"utf8"=>"✓", "authenticity_token"=>"i4NwuDXr2OhpYnZAheFsPe3PjGVEoeurK03pVjoMNIbg1ES9njHyn0hU9pLjHfKfy77iH93/l2D+7Xb75VsBuA==", "user"=>{"username"=>"melissa2", "password"=>"[FILTERED]"}, "commit"=>"sign up"}
  [1m[35m (0.2ms)[0m  [1m[36mbegin transaction[0m
  [1m[36mUser Exists (0.5ms)[0m  [1m[34mSELECT  1 AS one FROM "users" WHERE "users"."username" = ? LIMIT ?[0m  [["username", "melissa2"], ["LIMIT", 1]]
  [1m[35mSQL (1.0ms)[0m  [1m[32mINSERT INTO "users" ("username", "created_at", "updated_at", "password_digest") VALUES (?, ?, ?, ?)[0m  [["username", "melissa2"], ["created_at", 2017-02-28 05:49:14 UTC], ["updated_at", 2017-02-28 05:49:14 UTC], ["password_digest", "$2a$10$FGIVh.hWTfVCQQCmjtxKm.xd4FivShLCKb8s9gJJBkWMxvoZD5hqG"]]
  [1m[35m (2.3ms)[0m  [1m[36mcommit transaction[0m
Redirected to http://localhost:3000/groups
Completed 302 Found in 261ms (ActiveRecord: 4.0ms)


Started GET "/groups" for 127.0.0.1 at 2017-02-28 00:49:14 -0500
Processing by GroupsController#index as HTML
  [1m[36mUser Load (0.3ms)[0m  [1m[34mSELECT  "users".* FROM "users" WHERE "users"."id" = ? LIMIT ?[0m  [["id", 3], ["LIMIT", 1]]
  Rendered groups/_group_form.html.erb (7.4ms)
  [1m[35m (0.8ms)[0m  [1m[34mSELECT COUNT(*) FROM "groups"[0m
  Rendered groups/index.html.erb within layouts/application (20.6ms)
  Rendered layouts/_navbar_links.html.erb (2.2ms)
  Rendered layouts/_navbar.html.erb (11.8ms)
Completed 200 OK in 355ms (Views: 321.3ms | ActiveRecord: 2.5ms)


Finished "/cable/" [WebSocket] for 127.0.0.1 at 2017-02-28 00:49:14 -0500
MessagesChannel stopped streaming from messages
Started GET "/cable" for 127.0.0.1 at 2017-02-28 00:49:15 -0500
Started GET "/cable/" [WebSocket] for 127.0.0.1 at 2017-02-28 00:49:15 -0500
Successfully upgraded to WebSocket (REQUEST_METHOD: GET, HTTP_CONNECTION: Upgrade, HTTP_UPGRADE: websocket)
MessagesChannel is transmitting the subscription confirmation
MessagesChannel is streaming from messages
Started GET "/" for 127.0.0.1 at 2017-02-28 01:03:28 -0500
  [1m[36mActiveRecord::SchemaMigration Load (0.2ms)[0m  [1m[34mSELECT "schema_migrations".* FROM "schema_migrations"[0m
Processing by WelcomeController#about as HTML
  [1m[36mUser Load (0.2ms)[0m  [1m[34mSELECT  "users".* FROM "users" WHERE "users"."id" = ? LIMIT ?[0m  [["id", 3], ["LIMIT", 1]]
  Rendered welcome/about.html.erb within layouts/application (13.4ms)
  Rendered layouts/_navbar_links.html.erb (1.2ms)
  Rendered layouts/_navbar.html.erb (4.0ms)
Completed 200 OK in 332ms (Views: 316.1ms | ActiveRecord: 0.7ms)


Started GET "/cable" for 127.0.0.1 at 2017-02-28 01:03:28 -0500
Started GET "/cable/" [WebSocket] for 127.0.0.1 at 2017-02-28 01:03:28 -0500
Successfully upgraded to WebSocket (REQUEST_METHOD: GET, HTTP_CONNECTION: Upgrade, HTTP_UPGRADE: websocket)
MessagesChannel is transmitting the subscription confirmation
MessagesChannel is streaming from messages
Started DELETE "/logout" for 127.0.0.1 at 2017-02-28 01:03:30 -0500
Processing by SessionsController#destroy as HTML
  Parameters: {"authenticity_token"=>"I/v4UM+u4vSYbi28gogiFBLAO8BNgaf5EcWadvZvRtDZ8OcTcnVuVe7xgtCclhmG+DJnQlA/B3zN9ahSKDz3Gg=="}
Redirected to http://localhost:3000/
Completed 302 Found in 1ms (ActiveRecord: 0.0ms)


Started GET "/" for 127.0.0.1 at 2017-02-28 01:03:30 -0500
Processing by WelcomeController#about as HTML
  Rendered welcome/about.html.erb within layouts/application (0.5ms)
  Rendered layouts/_navbar_links.html.erb (1.0ms)
  Rendered layouts/_navbar.html.erb (3.2ms)
Completed 200 OK in 90ms (Views: 87.8ms | ActiveRecord: 0.0ms)


Finished "/cable/" [WebSocket] for 127.0.0.1 at 2017-02-28 01:03:30 -0500
MessagesChannel stopped streaming from messages
Started GET "/cable" for 127.0.0.1 at 2017-02-28 01:03:30 -0500
Started GET "/cable/" [WebSocket] for 127.0.0.1 at 2017-02-28 01:03:30 -0500
Successfully upgraded to WebSocket (REQUEST_METHOD: GET, HTTP_CONNECTION: Upgrade, HTTP_UPGRADE: websocket)
MessagesChannel is transmitting the subscription confirmation
MessagesChannel is streaming from messages
Started GET "/signup" for 127.0.0.1 at 2017-02-28 01:03:32 -0500
Processing by RegistrationsController#new as HTML
  Rendered layouts/_flash_errors.html.erb (0.9ms)
  Rendered registrations/new.html.erb within layouts/application (33.5ms)
  Rendered layouts/_navbar_links.html.erb (1.1ms)
  Rendered layouts/_navbar.html.erb (3.7ms)
Completed 200 OK in 134ms (Views: 130.3ms | ActiveRecord: 0.0ms)


Started POST "/signup" for 127.0.0.1 at 2017-02-28 01:03:34 -0500
Processing by RegistrationsController#create as HTML
  Parameters: {"utf8"=>"✓", "authenticity_token"=>"6h4v6wsoHrtvFSrF1eWG6GuYw0KOBQwGvl02hrWaPL02J+5SnX9DSbzTORqd+smdnRsGroMbbBdwiGtowTfxpA==", "user"=>{"username"=>"s", "password"=>"[FILTERED]"}, "commit"=>"sign up"}
  [1m[35m (0.1ms)[0m  [1m[36mbegin transaction[0m
  [1m[36mUser Exists (0.1ms)[0m  [1m[34mSELECT  1 AS one FROM "users" WHERE "users"."username" = ? LIMIT ?[0m  [["username", "s"], ["LIMIT", 1]]
  [1m[35m (0.0ms)[0m  [1m[31mrollback transaction[0m
Redirected to http://localhost:3000/signup
Completed 302 Found in 17ms (ActiveRecord: 0.3ms)


Started GET "/signup" for 127.0.0.1 at 2017-02-28 01:03:34 -0500
Processing by RegistrationsController#new as HTML
  Rendered layouts/_flash_errors.html.erb (1.0ms)
  Rendered registrations/new.html.erb within layouts/application (6.2ms)
  Rendered layouts/_navbar_links.html.erb (0.7ms)
  Rendered layouts/_navbar.html.erb (2.7ms)
Completed 200 OK in 108ms (Views: 105.6ms | ActiveRecord: 0.0ms)


Finished "/cable/" [WebSocket] for 127.0.0.1 at 2017-02-28 01:03:34 -0500
MessagesChannel stopped streaming from messages
Started GET "/cable" for 127.0.0.1 at 2017-02-28 01:03:34 -0500
Started GET "/cable/" [WebSocket] for 127.0.0.1 at 2017-02-28 01:03:34 -0500
Successfully upgraded to WebSocket (REQUEST_METHOD: GET, HTTP_CONNECTION: Upgrade, HTTP_UPGRADE: websocket)
MessagesChannel is transmitting the subscription confirmation
MessagesChannel is streaming from messages
